✅ pass: the
✅ pass: rand
✅ pass: some
0.4948776748321384
0.3290859458622047
1 0.5 0.3
2 0.3 0.3
✅ pass: nums
a 1.38
✅ pass: sym
✅ pass: csv
68 455 193.42587939698493 104.269838171196
{:Acc+ 15.57  :Lbs- 2970.42  :Mpg+ 23.84 }
✅ pass: data
{'Lbs-': 2970.42, 'Acc+': 15.57, 'Mpg+': 23.84}
{'Lbs-': 2970.42, 'Acc+': 15.57, 'Mpg+': 23.84}
✅ pass: clone
> 1.0 False
> 1.02 True
✅ pass: cliffs
{'lo': 0.0, 'hi': 0.9022161422721422, 'mid': 0.52, 'div': 0.26}
✅ pass: dist
200 198
[3, 70, 97, 2330, 13.5, 72, 3, 20] 0.6820358277884402
[4, 121, 80, 2670, 15, 79, 1, 30]
[6, 225, 110, 3360, 16.6, 79, 1, 20]
l {'Lbs-': 2360.88, 'Acc+': 16.39, 'Mpg+': 28.35}
r {'Lbs-': 3586.13, 'Acc+': 14.74, 'Mpg+': 19.29}
✅ pass: half
[398]  {:Acc+ 15.6  :Lbs- 2970.4  :Mpg+ 23.8 }
|...200 
|...|...101 
|...|...|...51 
|...|...|...|...26 {:Acc+ 16.7  :Lbs- 2230.3  :Mpg+ 26.5 }
|...|...|...|...25 {:Acc+ 16.8  :Lbs- 2221.6  :Mpg+ 25.6 }
|...|...|...50 
|...|...|...|...26 {:Acc+ 16.1  :Lbs- 2297.9  :Mpg+ 30.4 }
|...|...|...|...24 {:Acc+ 16.1  :Lbs- 2211.0  :Mpg+ 34.2 }
|...|...99 
|...|...|...50 
|...|...|...|...26 {:Acc+ 15.8  :Lbs- 2297.2  :Mpg+ 28.1 }
|...|...|...|...24 {:Acc+ 17.8  :Lbs- 2621.3  :Mpg+ 31.7 }
|...|...|...49 
|...|...|...|...25 {:Acc+ 16.4  :Lbs- 2630.5  :Mpg+ 23.6 }
|...|...|...|...24 {:Acc+ 15.4  :Lbs- 2393.0  :Mpg+ 27.1 }
|...198 
|...|...100 
|...|...|...51 
|...|...|...|...26 {:Acc+ 16.2  :Lbs- 3026.9  :Mpg+ 24.6 }
|...|...|...|...25 {:Acc+ 16.4  :Lbs- 2485.7  :Mpg+ 30.4 }
|...|...|...49 
|...|...|...|...25 {:Acc+ 17.5  :Lbs- 3409.6  :Mpg+ 20.0 }
|...|...|...|...24 {:Acc+ 16.7  :Lbs- 3263.8  :Mpg+ 20.0 }
|...|...98 
|...|...|...50 
|...|...|...|...26 {:Acc+ 13.6  :Lbs- 4176.3  :Mpg+ 17.3 }
|...|...|...|...24 {:Acc+ 13.0  :Lbs- 4164.3  :Mpg+ 15.0 }
|...|...|...48 
|...|...|...|...25 {:Acc+ 12.8  :Lbs- 4109.4  :Mpg+ 12.4 }
|...|...|...|...23 {:Acc+ 11.4  :Lbs- 4103.5  :Mpg+ 13.9 }
✅ pass: tree

all  {'Lbs-': 2970.42, 'Acc+': 15.57, 'Mpg+': 23.84}
 {'Lbs-': 846.84, 'Acc+': 2.76, 'Mpg+': 8.34}

best {'Lbs-': 2290.5, 'Acc+': 15.44, 'Mpg+': 27.14}
 {'Lbs-': 376.84, 'Acc+': 1.59, 'Mpg+': 4.69}

rest {'Lbs-': 3099.81, 'Acc+': 15.93, 'Mpg+': 22.93}
 {'Lbs-': 880.59, 'Acc+': 2.74, 'Mpg+': 8.52}
✅ pass: sway
all    {'best': 14, 'rest': 140}

Clndrs -inf 4 0.06 {'rest': 2, 'best': 1}
Clndrs 4 inf 0.0 {'rest': 4}

Volume -inf 141 0.54 {'best': 9, 'rest': 17}
Volume 141 inf 0.0 {'rest': 21}

Model -inf 77 0.08 {'rest': 14, 'best': 2}
Model 77 inf 0.0 {'rest': 16}

origin 1 1 0.0 {'rest': 87}
origin 2 2 0.86 {'best': 14, 'rest': 22}
origin 3 3 0.0 {'rest': 31}
✅ pass: bins

Clndrs -inf 4
Clndrs 4 inf

Volume -inf 141
Volume 141 inf

Model -inf 77
Model 77 inf

origin 1 1
origin 2 2
origin 3 3

origin 2 2 0.86 {'best': 14, 'rest': 22}
Volume -inf 141 0.54 {'best': 9, 'rest': 17}
Model -inf 77 0.08 {'rest': 14, 'best': 2}
Clndrs -inf 4 0.06 {'rest': 2, 'best': 1}
Clndrs 4 inf 0.0 {'rest': 4}
Volume 141 inf 0.0 {'rest': 21}
Model 77 inf 0.0 {'rest': 16}
origin 1 1 0.0 {'rest': 87}
origin 3 3 0.0 {'rest': 31}

{'origin': [2]}
{'origin': [2], 'Volume': [[-inf, 141]]}

-----------
explain= {:origin {2} }
all                {:Acc+ 15.57  :Lbs- 2970.42  :Mpg+ 23.84 } {:Acc+ 2.76  :Lbs- 846.84  :Mpg+ 8.34 }
sway with 6 evals {:Acc+ 15.44  :Lbs- 2290.5  :Mpg+ 27.14 }
xpln on 6 evals {:Acc+ 16.79  :Lbs- 2423.3  :Mpg+ 28.57 }
sort with 398 evals {:Acc+ 12.96  :Lbs- 4633.14  :Mpg+ 10.0 } {:Acc+ 2.05  :Lbs- 356.67  :Mpg+ 0.0 }
✅ pass: xpln
