✅ pass: the
b4 {:a 1  :b {:c 2  :d {3} } } 
after {:a 1  :b {:c 2  :d {10000} } }
✅ pass: copy
✅ pass: sym
✅ pass: num
{:a <class 'NUM.NUM'>  :at 0  :hi 5  :lo 3  :m2 4.0  :mu 4.5  :n 8  :txt Num1  :w 1 }
{:a <class 'NUM.NUM'>  :at 1  :hi 5  :lo 2  :m2 7.875  :mu 4.375  :n 8  :txt Num2  :w 1 }
{:a <class 'NUM.NUM'>  :at 2  :hi 5  :lo 2  :m2 7.875  :mu 3.625  :n 8  :txt Num3  :w 1 }
{:a <class 'NUM.NUM'>  :at 3  :hi 5  :lo 2  :m2 8.875000000000002  :mu 4.125  :n 8  :txt Num4  :w 1 }
{:a <class 'NUM.NUM'>  :at 4  :hi 5  :lo 1  :m2 10.000000000000002  :mu 3.0000000000000004  :n 8  :txt Num5  :w 1 }
{:a <class 'NUM.NUM'>  :at 5  :hi 4  :lo 2  :m2 6.0  :mu 3.0  :n 8  :txt Num6  :w 1 }
{:a <class 'NUM.NUM'>  :at 6  :hi 4  :lo 1  :m2 8.0  :mu 2.5  :n 8  :txt Num7  :w 1 }
{:a <class 'NUM.NUM'>  :at 7  :hi 5  :lo 1  :m2 11.5  :mu 3.25  :n 8  :txt Num8  :w 1 }
{:a <class 'NUM.NUM'>  :at 8  :hi 5  :lo 1  :m2 16.0  :mu 2.5  :n 8  :txt Num9  :w 1 }
{:a <class 'NUM.NUM'>  :at 9  :hi 5  :lo 1  :m2 21.5  :mu 2.25  :n 8  :txt Num10  :w 1 }
{:a <class 'SYM.SYM'>  :at 10  :has {}  :mode None  :most 0  :n 0  :txt thingX }
{:a <class 'ROW.ROW'>  :cells {5 5 4 5 3 3 2 1 3 1 Low Market Cap:High Market Cap} }
{:a <class 'ROW.ROW'>  :cells {5 5 5 5 3 2 2 3 1 1 Low Revenue:High Revenue} }
{:a <class 'ROW.ROW'>  :cells {5 4 3 4 1 2 2 3 4 1 Low Profit Margin:High Profit Margin} }
{:a <class 'ROW.ROW'>  :cells {3 2 3 3 4 4 2 3 1 5 Conservative:Innovative} }
{:a <class 'ROW.ROW'>  :cells {5 4 5 5 5 3 4 3 1 2 Poor Brand Recognition:High Brand Recognition} }
{:a <class 'ROW.ROW'>  :cells {4 5 3 5 3 2 1 5 3 1 Less Diversity:More Diversity} }
{:a <class 'ROW.ROW'>  :cells {5 5 4 4 2 4 3 3 2 2 Unsustainable:Highly Sustainable} }
{:a <class 'ROW.ROW'>  :cells {4 5 2 2 3 4 4 5 5 5 Unhappy Employee:Happy Employees} }
✅ pass: repcols
 68.0
|.. 54.0
|..|.. 38.0
|..|..|.. Poor Brand Recognition:High Brand Recognition
|..|..|.. Low Market Cap:High Market Cap
|..|.. 36.0
|..|..|.. Less Diversity:More Diversity
|..|..|.. Low Revenue:High Revenue
|.. 63.0
|..|.. 57.0
|..|..|.. Unhappy Employee:Happy Employees
|..|..|.. Conservative:Innovative
|..|.. 41.0
|..|..|.. Low Profit Margin:High Profit Margin
|..|..|.. Unsustainable:Highly Sustainable
✅ pass: synonyms
{:a <class 'NUM.NUM'>  :at 0  :hi 5  :lo 1  :m2 21.6  :mu 3.2  :n 10  :txt Low Market Cap:High Market Cap  :w 1 }
{:a <class 'NUM.NUM'>  :at 1  :hi 5  :lo 1  :m2 25.59999999999999  :mu 3.1999999999999997  :n 10  :txt Low Revenue:High Revenue  :w 1 }
{:a <class 'NUM.NUM'>  :at 2  :hi 5  :lo 1  :m2 16.9  :mu 2.9  :n 10  :txt Low Profit Margin:High Profit Margin  :w 1 }
{:a <class 'NUM.NUM'>  :at 3  :hi 5  :lo 1  :m2 12.0  :mu 3.0  :n 10  :txt Conservative:Innovative  :w 1 }
{:a <class 'NUM.NUM'>  :at 4  :hi 5  :lo 1  :m2 18.1  :mu 3.7  :n 10  :txt Poor Brand Recognition:High Brand Recognition  :w 1 }
{:a <class 'NUM.NUM'>  :at 5  :hi 5  :lo 1  :m2 21.6  :mu 3.2  :n 10  :txt Less Diversity:More Diversity  :w 1 }
{:a <class 'NUM.NUM'>  :at 6  :hi 5  :lo 2  :m2 12.4  :mu 3.4  :n 10  :txt Unsustainable:Highly Sustainable  :w 1 }
{:a <class 'NUM.NUM'>  :at 7  :hi 5  :lo 2  :m2 12.899999999999999  :mu 3.9  :n 10  :txt Unhappy Employee:Happy Employees  :w 1 }
{:a <class 'SYM.SYM'>  :at 8  :has {}  :mode None  :most 0  :n 0  :txt thingX }
{:a <class 'ROW.ROW'>  :cells {5 5 5 3 5 4 5 4 Huawei} }
{:a <class 'ROW.ROW'>  :cells {5 5 4 2 4 5 5 5 Oracle} }
{:a <class 'ROW.ROW'>  :cells {4 5 3 3 5 3 4 2 Intel} }
{:a <class 'ROW.ROW'>  :cells {5 5 4 3 5 5 4 2 Samsung} }
{:a <class 'ROW.ROW'>  :cells {3 3 1 4 5 3 2 3 Tesla} }
{:a <class 'ROW.ROW'>  :cells {3 2 2 4 3 2 4 4 Facebook} }
{:a <class 'ROW.ROW'>  :cells {2 2 2 2 4 1 3 4 Amazon} }
{:a <class 'ROW.ROW'>  :cells {1 3 3 3 3 5 3 5 Google} }
{:a <class 'ROW.ROW'>  :cells {3 1 4 1 1 3 2 5 Microsoft} }
{:a <class 'ROW.ROW'>  :cells {1 1 1 5 2 1 2 5 Apple} }
✅ pass: reprows
 85.0
|.. 49.0
|..|.. 29.0
|..|..|.. Samsung
|..|..|.. Huawei
|..|.. 62.0
|..|..|.. Tesla
|..|..|.. 45.0
|..|..|..|.. Oracle
|..|..|..|.. Intel
|.. 52.0
|..|.. 37.0
|..|..|.. Apple
|..|..|.. Facebook
|..|.. 43.0
|..|..|.. Microsoft
|..|..|.. 42.0
|..|..|..|.. Amazon
|..|..|..|.. Google
✅ pass: prototypes

A Huawei

{:1    :2    :3    :4    :5    :6    :7    :8    :9    :10    :11    :12    :13    :14    :15    :16    :17    :18    :19   }
{:1    :2    :3    :4    :5    :6    :7    :8    :9    :10    :11    :12    :13    :14    :15    :16    :17    :18    :19   }
{:1    :2    :3    :4    :5    :6    :7    :8    :9    :10    :11    :12    :13    :14    :15    :16    :17    :18    :19   }
{:1    :2    :3    :4    :5    :6    :7    :8    :9    :10    :11    :12    :13    :14    :15    :16    :17    :18    :19   }
B Oracle

{:1    :2    :3    :4    :5    :6    :7    :8    :9    :10    :11    :12    :13    :14    :15    :16    :17    :18    :19   }
{:1    :2    :3    :4    :5    :6    :7    :8    :9    :10    :11    :12    :13    :14    :15    :16    :17    :18    :19   }
{:1    :2    :3    :4    :5    :6    :7    :8    :9    :10    :11    :12    :13    :14    :15    :16    :17    :18    :19   }
{:1    :2    :3    :4    :5    :6    :7    :8    :9    :10    :11    :12    :13    :14    :15    :16    :17    :18    :19   }
C Intel

{:1    :2    :3    :4    :5    :6    :7    :8    :9    :10    :11    :12    :13    :14    :15    :16    :17    :18    :19   }
{:1    :2    :3    :4    :5    :6    :7    :8    :9    :10    :11    :12    :13    :14    :15    :16    :17    :18    :19   }
{:1    :2    :3    :4    :5    :6    :7    :8    :9    :10    :11    :12    :13    :14    :15    :16    :17    :18    :19   }
{:1    :2    :3    :4    :5    :6    :7    :8    :9    :10    :11    :12    :13    :14    :15    :16    :17    :18    :19   }
{:1    :2    :3    :4    :5    :6    :7    :8    :9    :10    :11    :12    :13    :14    :15    :16    :17    :18    :19   }
D Samsung

{:1    :2    :3    :4    :5    :6    :7    :8    :9    :10    :11    :12    :13    :14    :15    :16    :17    :18    :19   }
{:1    :2    :3    :4    :5    :6    :7    :8    :9    :10    :11    :12    :13    :14    :15    :16    :17    :18    :19   }
{:1    :2    :3    :4    :5    :6    :7    :8    :9    :10    :11    :12    :13    :14    :15    :16    :17    :18    :19   }
{:1    :2    :3    :4    :5    :6    :7    :8    :9    :10    :11    :12    :13    :14    :15    :16    :17    :18    :19   }
{:1    :2    :3    :4    :5    :6    :7    :8    :9    :10    :11    :12    :13    :14    :15    :16    :17    :18    :19   }
{:1    :2    :3    :4    :5 C  :6    :7    :8    :9    :10    :11    :12    :13    :14    :15    :16    :17    :18    :19   }
E Tesla

{:1    :2    :3    :4    :5    :6    :7    :8    :9    :10    :11    :12    :13    :14    :15    :16    :17    :18    :19   }
{:1    :2    :3    :4    :5    :6    :7    :8    :9    :10    :11    :12    :13    :14    :15    :16    :17    :18    :19   }
{:1    :2    :3    :4    :5    :6    :7    :8    :9    :10    :11    :12    :13    :14    :15    :16    :17    :18    :19   }
{:1    :2    :3    :4    :5    :6    :7    :8    :9    :10    :11    :12    :13    :14    :15    :16    :17    :18    :19   }
{:1    :2    :3    :4    :5    :6    :7    :8    :9    :10    :11    :12    :13    :14    :15    :16    :17    :18    :19   }
{:1    :2    :3    :4    :5 C  :6    :7    :8    :9    :10    :11    :12    :13    :14    :15    :16    :17    :18    :19   }
F Facebook

{:1    :2    :3    :4    :5    :6    :7    :8    :9    :10    :11    :12    :13    :14    :15    :16    :17    :18    :19   }
{:1    :2    :3    :4    :5    :6    :7    :8    :9    :10    :11    :12    :13    :14    :15    :16    :17    :18    :19   }
{:1    :2    :3    :4    :5    :6    :7    :8    :9    :10    :11    :12    :13    :14    :15    :16    :17    :18    :19   }
{:1    :2    :3    :4    :5 F  :6    :7    :8    :9    :10    :11    :12    :13    :14    :15    :16    :17    :18    :19   }
{:1    :2    :3    :4    :5    :6    :7    :8    :9    :10    :11    :12    :13    :14    :15    :16    :17    :18    :19   }
{:1    :2    :3    :4    :5 C  :6    :7    :8    :9    :10    :11    :12    :13    :14    :15    :16    :17    :18    :19   }
G Amazon

{:1    :2    :3    :4    :5    :6    :7    :8    :9    :10    :11    :12    :13    :14    :15    :16    :17    :18    :19   }
{:1    :2    :3    :4    :5    :6    :7    :8    :9    :10    :11    :12    :13    :14    :15    :16    :17    :18    :19   }
{:1    :2    :3    :4    :5    :6 G  :7    :8    :9    :10    :11    :12    :13    :14    :15    :16    :17    :18    :19   }
{:1    :2    :3    :4    :5 F  :6    :7    :8    :9    :10    :11    :12    :13    :14    :15    :16    :17    :18    :19   }
{:1    :2    :3    :4    :5    :6    :7    :8    :9    :10    :11    :12    :13    :14    :15    :16    :17    :18    :19   }
{:1    :2    :3    :4    :5 C  :6    :7    :8    :9    :10    :11    :12    :13    :14    :15    :16    :17    :18    :19   }
H Google

{:1    :2    :3    :4    :5    :6    :7    :8    :9    :10    :11    :12    :13    :14    :15    :16    :17    :18    :19   }
{:1    :2    :3    :4    :5    :6    :7    :8    :9    :10    :11    :12    :13    :14    :15    :16    :17    :18    :19   }
{:1    :2    :3    :4    :5    :6 G  :7    :8    :9    :10    :11    :12    :13    :14    :15    :16    :17    :18    :19   }
{:1    :2    :3    :4    :5 F  :6    :7    :8    :9    :10    :11    :12    :13    :14    :15    :16    :17    :18    :19   }
{:1    :2    :3    :4    :5    :6    :7    :8    :9    :10    :11    :12    :13    :14    :15    :16    :17    :18    :19   }
{:1    :2    :3    :4    :5 C  :6 H  :7    :8    :9    :10    :11    :12    :13    :14    :15    :16    :17    :18    :19   }
I Microsoft

{:1    :2    :3    :4    :5    :6    :7    :8    :9    :10    :11    :12    :13    :14    :15    :16    :17    :18    :19   }
{:1    :2    :3    :4    :5    :6    :7    :8    :9    :10    :11    :12    :13    :14    :15    :16    :17    :18    :19   }
{:1    :2    :3    :4    :5    :6 G  :7    :8    :9    :10    :11    :12    :13    :14    :15    :16    :17    :18    :19   }
{:1    :2    :3    :4    :5 F  :6    :7    :8    :9    :10    :11    :12    :13    :14    :15    :16    :17    :18    :19   }
{:1    :2    :3    :4    :5    :6    :7    :8    :9    :10    :11    :12    :13    :14    :15    :16    :17    :18    :19   }
{:1    :2    :3    :4    :5 C  :6 H  :7    :8    :9    :10 I  :11    :12    :13    :14    :15    :16    :17    :18    :19   }
{:1    :2    :3    :4    :5    :6    :7    :8    :9    :10    :11    :12    :13    :14    :15    :16    :17    :18    :19   }
{:1    :2    :3    :4    :5    :6 D  :7    :8    :9    :10    :11    :12    :13    :14    :15    :16    :17    :18    :19   }
{:1    :2    :3    :4    :5    :6    :7    :8    :9    :10    :11    :12    :13    :14    :15    :16    :17    :18    :19   }
{:1    :2    :3    :4    :5    :6    :7    :8    :9    :10    :11    :12    :13    :14    :15    :16    :17    :18    :19   }
J Apple

{:1    :2    :3    :4    :5    :6    :7    :8    :9    :10    :11    :12    :13    :14    :15    :16    :17    :18    :19   }
{:1    :2    :3    :4    :5    :6    :7    :8    :9    :10    :11    :12    :13    :14    :15    :16    :17    :18    :19   }
{:1    :2    :3    :4    :5    :6 G  :7    :8    :9    :10    :11    :12    :13    :14    :15    :16    :17    :18    :19   }
{:1    :2    :3    :4    :5 F  :6    :7    :8    :9    :10    :11    :12    :13    :14    :15    :16    :17    :18    :19   }
{:1    :2    :3    :4    :5    :6    :7    :8    :9    :10    :11    :12    :13    :14    :15    :16    :17    :18    :19   }
{:1    :2    :3    :4    :5 C  :6 H  :7    :8    :9    :10 I  :11    :12    :13    :14    :15    :16    :17    :18    :19   }
{:1    :2    :3    :4    :5    :6    :7    :8    :9    :10    :11    :12    :13    :14    :15    :16    :17    :18    :19   }
{:1    :2    :3    :4    :5    :6 D  :7    :8    :9    :10    :11    :12    :13    :14    :15    :16    :17    :18    :19   }
{:1    :2    :3    :4    :5    :6    :7    :8    :9    :10    :11    :12    :13    :14    :15    :16    :17    :18    :19   }
{:1    :2    :3    :4    :5    :6    :7    :8    :9 J  :10    :11    :12    :13    :14    :15    :16    :17    :18    :19   }
✅ pass: position
 62.0
|.. 43.0
|..|.. 26.0
|..|..|.. Amazon
|..|..|.. Facebook
|..|.. 52.0
|..|..|.. Microsoft
|..|..|.. 49.0
|..|..|..|.. Apple
|..|..|..|.. Google
|.. 49.0
|..|.. 29.0
|..|..|.. Samsung
|..|..|.. Huawei
|..|.. 62.0
|..|..|.. Tesla
|..|..|.. 45.0
|..|..|..|.. Oracle
|..|..|..|.. Intel
 77.0
|.. 36.0
|..|.. 33.0
|..|..|.. Low Revenue:High Revenue
|..|..|.. Poor Brand Recognition:High Brand Recognition
|..|.. 41.0
|..|..|.. Less Diversity:More Diversity
|..|..|.. Low Market Cap:High Market Cap
|.. 63.0
|..|.. 57.0
|..|..|.. Unhappy Employee:Happy Employees
|..|..|.. Conservative:Innovative
|..|.. 41.0
|..|..|.. Low Profit Margin:High Profit Margin
|..|..|.. Unsustainable:Highly Sustainable

A Huawei

{:1    :2    :3    :4    :5    :6    :7    :8    :9    :10    :11    :12    :13    :14    :15    :16    :17    :18    :19   }
{:1    :2    :3    :4    :5    :6    :7    :8    :9    :10    :11    :12    :13    :14    :15    :16    :17    :18    :19   }
{:1    :2    :3    :4    :5    :6    :7    :8    :9    :10    :11    :12    :13    :14    :15    :16    :17    :18    :19   }
{:1    :2    :3    :4    :5    :6    :7    :8    :9    :10    :11    :12    :13    :14    :15    :16    :17    :18    :19   }
{:1    :2    :3    :4    :5    :6    :7    :8    :9    :10    :11    :12    :13    :14    :15    :16    :17    :18    :19   }
B Oracle

{:1    :2    :3    :4    :5    :6    :7    :8    :9    :10    :11    :12    :13    :14    :15    :16    :17    :18    :19   }
{:1    :2    :3    :4    :5    :6    :7    :8    :9    :10    :11    :12    :13    :14    :15    :16    :17    :18    :19   }
{:1    :2    :3    :4    :5    :6    :7    :8    :9    :10    :11    :12    :13    :14    :15    :16    :17    :18    :19   }
{:1    :2    :3    :4    :5    :6    :7    :8    :9    :10    :11    :12    :13    :14    :15    :16    :17    :18    :19   }
{:1    :2    :3    :4    :5    :6    :7    :8    :9    :10    :11    :12    :13    :14    :15    :16    :17    :18    :19   }
{:1    :2    :3    :4    :5    :6    :7    :8    :9    :10    :11    :12    :13    :14    :15    :16    :17    :18    :19   }
{:1    :2    :3    :4    :5    :6    :7    :8    :9    :10    :11    :12    :13    :14    :15    :16    :17    :18    :19   }
C Intel

{:1    :2    :3    :4    :5    :6    :7    :8    :9    :10    :11    :12    :13    :14    :15    :16    :17    :18    :19   }
{:1    :2    :3    :4    :5    :6    :7    :8    :9    :10    :11    :12    :13    :14    :15    :16    :17    :18    :19   }
{:1    :2    :3    :4    :5    :6    :7    :8    :9    :10    :11    :12    :13    :14    :15    :16    :17    :18    :19   }
{:1    :2    :3    :4    :5    :6    :7    :8    :9    :10    :11    :12    :13    :14    :15    :16    :17    :18    :19   }
{:1    :2    :3    :4    :5    :6    :7    :8    :9    :10    :11    :12    :13    :14    :15    :16    :17    :18    :19   }
{:1    :2    :3    :4    :5    :6    :7    :8    :9    :10    :11    :12    :13    :14    :15    :16    :17    :18    :19   }
{:1    :2    :3    :4    :5    :6    :7    :8    :9    :10    :11    :12    :13    :14    :15    :16    :17    :18    :19   }
D Samsung

{:1    :2    :3    :4    :5    :6    :7    :8    :9    :10    :11    :12    :13    :14    :15    :16    :17    :18    :19   }
{:1    :2    :3    :4    :5    :6    :7    :8    :9    :10    :11    :12    :13    :14    :15    :16    :17    :18    :19   }
{:1    :2    :3    :4    :5    :6    :7    :8    :9    :10    :11    :12    :13    :14    :15    :16    :17    :18    :19   }
{:1    :2    :3    :4    :5    :6    :7    :8    :9    :10    :11    :12    :13    :14    :15    :16    :17    :18    :19   }
{:1    :2    :3    :4    :5    :6    :7    :8    :9    :10    :11    :12    :13    :14    :15    :16    :17    :18    :19   }
{:1    :2    :3    :4    :5    :6    :7    :8    :9    :10    :11    :12    :13    :14    :15    :16    :17    :18    :19   }
{:1    :2    :3    :4    :5    :6    :7    :8    :9    :10    :11    :12    :13    :14    :15    :16    :17    :18    :19   }
E Tesla

{:1    :2    :3    :4    :5    :6    :7    :8    :9    :10    :11    :12    :13    :14    :15    :16    :17    :18    :19   }
{:1    :2    :3    :4    :5    :6    :7    :8    :9    :10    :11    :12    :13    :14    :15    :16    :17    :18    :19   }
{:1    :2    :3    :4    :5    :6    :7    :8    :9    :10    :11    :12    :13    :14    :15    :16    :17    :18    :19   }
{:1    :2    :3    :4    :5    :6    :7    :8    :9    :10    :11    :12    :13    :14    :15    :16    :17    :18    :19   }
{:1    :2    :3    :4    :5 E  :6    :7    :8    :9    :10    :11    :12    :13    :14    :15    :16    :17    :18    :19   }
{:1    :2    :3    :4    :5    :6    :7    :8    :9    :10    :11    :12    :13    :14    :15    :16    :17    :18    :19   }
{:1    :2    :3    :4    :5    :6    :7    :8    :9    :10    :11    :12    :13    :14    :15    :16    :17    :18    :19   }
F Facebook

{:1    :2    :3    :4    :5    :6    :7    :8    :9    :10    :11    :12    :13    :14    :15    :16    :17    :18    :19   }
{:1    :2    :3    :4    :5    :6    :7    :8    :9    :10    :11    :12    :13    :14    :15    :16    :17    :18    :19   }
{:1    :2    :3    :4 F  :5    :6    :7    :8    :9    :10    :11    :12    :13    :14    :15    :16    :17    :18    :19   }
{:1    :2    :3    :4    :5    :6    :7    :8    :9    :10    :11    :12    :13    :14    :15    :16    :17    :18    :19   }
{:1    :2    :3    :4    :5 E  :6    :7    :8    :9    :10    :11    :12    :13    :14    :15    :16    :17    :18    :19   }
{:1    :2    :3    :4    :5    :6    :7    :8    :9    :10    :11    :12    :13    :14    :15    :16    :17    :18    :19   }
{:1    :2    :3    :4    :5    :6    :7    :8    :9    :10    :11    :12    :13    :14    :15    :16    :17    :18    :19   }
G Amazon

{:1    :2    :3    :4    :5    :6    :7    :8    :9    :10    :11    :12    :13    :14    :15    :16    :17    :18    :19   }
{:1    :2    :3    :4    :5    :6    :7    :8    :9    :10    :11    :12    :13    :14    :15    :16    :17    :18    :19   }
{:1    :2    :3    :4 F  :5    :6    :7    :8    :9    :10    :11    :12    :13    :14    :15    :16    :17    :18    :19   }
{:1    :2    :3    :4    :5    :6    :7    :8    :9    :10    :11    :12    :13    :14    :15    :16    :17    :18    :19   }
{:1    :2    :3    :4    :5 E  :6    :7    :8    :9    :10    :11    :12    :13    :14    :15    :16    :17    :18    :19   }
{:1    :2    :3    :4    :5    :6    :7    :8    :9    :10    :11    :12    :13    :14    :15    :16    :17    :18    :19   }
{:1    :2    :3    :4    :5    :6    :7    :8    :9    :10    :11    :12    :13    :14    :15    :16    :17    :18    :19   }
H Google

{:1    :2    :3    :4    :5    :6    :7    :8    :9    :10    :11    :12    :13    :14    :15    :16    :17    :18    :19   }
{:1    :2    :3    :4    :5    :6    :7    :8    :9    :10    :11    :12    :13    :14    :15    :16    :17    :18    :19   }
{:1    :2    :3    :4 F  :5    :6    :7    :8    :9    :10    :11    :12    :13    :14    :15    :16    :17    :18    :19   }
{:1    :2    :3    :4    :5    :6    :7 H  :8    :9    :10    :11    :12    :13    :14    :15    :16    :17    :18    :19   }
{:1    :2    :3    :4    :5 E  :6    :7    :8    :9    :10    :11    :12    :13    :14    :15    :16    :17    :18    :19   }
{:1    :2    :3    :4    :5    :6    :7    :8    :9    :10    :11    :12    :13    :14    :15    :16    :17    :18    :19   }
{:1    :2    :3    :4    :5    :6    :7    :8    :9    :10    :11    :12    :13    :14    :15    :16    :17    :18    :19   }
I Microsoft

{:1    :2    :3    :4    :5    :6    :7    :8 I  :9    :10    :11    :12    :13    :14    :15    :16    :17    :18    :19   }
{:1    :2    :3    :4    :5    :6    :7    :8    :9    :10    :11    :12    :13    :14    :15    :16    :17    :18    :19   }
{:1    :2    :3    :4 F  :5    :6    :7    :8    :9    :10    :11    :12    :13    :14    :15    :16    :17    :18    :19   }
{:1    :2    :3    :4    :5    :6    :7 H  :8    :9    :10    :11    :12    :13    :14    :15    :16    :17    :18    :19   }
{:1    :2    :3    :4    :5 E  :6    :7    :8    :9    :10    :11    :12    :13    :14    :15    :16    :17    :18    :19   }
{:1    :2    :3    :4    :5    :6    :7    :8    :9    :10    :11    :12    :13    :14    :15    :16    :17    :18    :19   }
{:1    :2    :3    :4    :5    :6    :7    :8    :9    :10    :11    :12    :13    :14    :15    :16    :17    :18    :19   }
{:1    :2    :3    :4    :5    :6    :7    :8    :9    :10    :11    :12    :13    :14    :15    :16    :17    :18    :19   }
J Apple

{:1    :2    :3    :4    :5    :6    :7    :8 I  :9    :10    :11    :12    :13    :14    :15    :16    :17    :18    :19   }
{:1    :2    :3    :4    :5    :6    :7 J  :8    :9    :10    :11    :12    :13    :14    :15    :16    :17    :18    :19   }
{:1    :2    :3    :4 F  :5    :6    :7    :8    :9    :10    :11    :12    :13    :14    :15    :16    :17    :18    :19   }
{:1    :2    :3    :4    :5    :6    :7 H  :8    :9    :10    :11    :12    :13    :14    :15    :16    :17    :18    :19   }
{:1    :2    :3    :4    :5 E  :6    :7    :8    :9    :10    :11    :12    :13    :14    :15    :16    :17    :18    :19   }
{:1    :2    :3    :4    :5    :6    :7    :8    :9    :10    :11    :12    :13    :14    :15    :16    :17    :18    :19   }
{:1    :2    :3    :4    :5    :6    :7    :8    :9    :10    :11    :12    :13    :14    :15    :16    :17    :18    :19   }
{:1    :2    :3    :4    :5    :6    :7    :8    :9    :10    :11    :12    :13    :14    :15    :16    :17    :18    :19   }
✅ pass: every
