✅ pass: the
b4 {:a 1  :b {:c 2  :d {3} } } 
after {:a 1  :b {:c 2  :d {10000} } }
✅ pass: copy
✅ pass: sym
✅ pass: num
{:a <class 'NUM.NUM'>  :at 0  :hi 5  :lo 1  :m2 13.5  :mu 1.75  :n 8  :txt Num1  :w 1 }
{:a <class 'NUM.NUM'>  :at 1  :hi 5  :lo 1  :m2 17.875  :mu 2.375  :n 8  :txt Num2  :w 1 }
{:a <class 'NUM.NUM'>  :at 2  :hi 3  :lo 1  :m2 6.000000000000001  :mu 1.5  :n 8  :txt Num3  :w 1 }
{:a <class 'NUM.NUM'>  :at 3  :hi 5  :lo 1  :m2 18.875  :mu 2.125  :n 8  :txt Num4  :w 1 }
{:a <class 'NUM.NUM'>  :at 4  :hi 5  :lo 1  :m2 14.874999999999998  :mu 1.8749999999999998  :n 8  :txt Num5  :w 1 }
{:a <class 'NUM.NUM'>  :at 5  :hi 5  :lo 1  :m2 32.0  :mu 3.0  :n 8  :txt Num6  :w 1 }
{:a <class 'NUM.NUM'>  :at 6  :hi 5  :lo 1  :m2 20.000000000000004  :mu 3.5  :n 8  :txt Num7  :w 1 }
{:a <class 'NUM.NUM'>  :at 7  :hi 5  :lo 2  :m2 10.874999999999998  :mu 4.125  :n 8  :txt Num8  :w 1 }
{:a <class 'NUM.NUM'>  :at 8  :hi 5  :lo 1  :m2 16.0  :mu 2.5  :n 8  :txt Num9  :w 1 }
{:a <class 'NUM.NUM'>  :at 9  :hi 5  :lo 1  :m2 15.875  :mu 2.375  :n 8  :txt Num10  :w 1 }
{:a <class 'SYM.SYM'>  :at 10  :has {}  :mode None  :most 0  :n 0  :txt thingX }
{:a <class 'ROW.ROW'>  :cells {5 3 3 1 1 1 1 3 5 5 Low Market Cap:High Market Cap} }
{:a <class 'ROW.ROW'>  :cells {2 1 1 5 5 5 5 5 1 2 Low Revenue:High Revenue} }
{:a <class 'ROW.ROW'>  :cells {1 3 1 3 2 5 4 3 1 1 Low Profit Margin:High Profit Margin} }
{:a <class 'ROW.ROW'>  :cells {2 1 1 1 3 5 3 2 2 2 Conservative:Innovative} }
{:a <class 'ROW.ROW'>  :cells {1 5 3 4 1 1 4 5 4 4 Poor Brand Recognition:High Brand Recognition} }
{:a <class 'ROW.ROW'>  :cells {1 4 1 1 1 1 1 5 3 1 Less Diversity:More Diversity} }
{:a <class 'ROW.ROW'>  :cells {1 1 1 1 1 1 5 5 1 1 Unsustainable:Highly Sustainable} }
{:a <class 'ROW.ROW'>  :cells {1 1 1 1 1 5 5 5 3 3 Unhappy Employee:Happy Employees} }
✅ pass: repcols
 74.0
|.. 61.0
|..|.. 54.0
|..|..|.. Poor Brand Recognition:High Brand Recognition
|..|..|.. Low Market Cap:High Market Cap
|..|.. 43.0
|..|..|.. Unsustainable:Highly Sustainable
|..|..|.. Less Diversity:More Diversity
|.. 51.0
|..|.. 30.0
|..|..|.. Conservative:Innovative
|..|..|.. Low Profit Margin:High Profit Margin
|..|.. 49.0
|..|..|.. Low Revenue:High Revenue
|..|..|.. Unhappy Employee:Happy Employees
✅ pass: synonyms
{:a <class 'NUM.NUM'>  :at 0  :hi 5  :lo 1  :m2 27.6  :mu 2.8  :n 10  :txt Low Market Cap:High Market Cap  :w 1 }
{:a <class 'NUM.NUM'>  :at 1  :hi 5  :lo 1  :m2 33.6  :mu 3.2  :n 10  :txt Low Revenue:High Revenue  :w 1 }
{:a <class 'NUM.NUM'>  :at 2  :hi 5  :lo 1  :m2 18.4  :mu 2.4  :n 10  :txt Low Profit Margin:High Profit Margin  :w 1 }
{:a <class 'NUM.NUM'>  :at 3  :hi 5  :lo 1  :m2 13.599999999999998  :mu 2.2000000000000006  :n 10  :txt Conservative:Innovative  :w 1 }
{:a <class 'NUM.NUM'>  :at 4  :hi 5  :lo 1  :m2 23.6  :mu 3.2  :n 10  :txt Poor Brand Recognition:High Brand Recognition  :w 1 }
{:a <class 'NUM.NUM'>  :at 5  :hi 5  :lo 1  :m2 20.9  :mu 1.9  :n 10  :txt Less Diversity:More Diversity  :w 1 }
{:a <class 'NUM.NUM'>  :at 6  :hi 5  :lo 1  :m2 25.6  :mu 1.8  :n 10  :txt Unsustainable:Highly Sustainable  :w 1 }
{:a <class 'NUM.NUM'>  :at 7  :hi 5  :lo 1  :m2 30.4  :mu 2.5999999999999996  :n 10  :txt Unhappy Employee:Happy Employees  :w 1 }
{:a <class 'SYM.SYM'>  :at 8  :has {}  :mode None  :most 0  :n 0  :txt thingX }
{:a <class 'ROW.ROW'>  :cells {5 2 1 2 1 1 1 1 Huawei} }
{:a <class 'ROW.ROW'>  :cells {3 1 3 1 5 4 1 1 Oracle} }
{:a <class 'ROW.ROW'>  :cells {3 1 1 1 3 1 1 1 Intel} }
{:a <class 'ROW.ROW'>  :cells {1 5 3 1 4 1 1 1 Samsung} }
{:a <class 'ROW.ROW'>  :cells {1 5 2 3 1 1 1 1 Tesla} }
{:a <class 'ROW.ROW'>  :cells {1 5 5 5 1 1 1 5 Facebook} }
{:a <class 'ROW.ROW'>  :cells {1 5 4 3 4 1 5 5 Amazon} }
{:a <class 'ROW.ROW'>  :cells {3 5 3 2 5 5 5 5 Google} }
{:a <class 'ROW.ROW'>  :cells {5 1 1 2 4 3 1 3 Microsoft} }
{:a <class 'ROW.ROW'>  :cells {5 2 1 2 4 1 1 3 Apple} }
✅ pass: reprows
 65.0
|.. 55.0
|..|.. 33.0
|..|..|.. Samsung
|..|..|.. Tesla
|..|.. 52.0
|..|..|.. Huawei
|..|..|.. 36.0
|..|..|..|.. Oracle
|..|..|..|.. Intel
|.. 71.0
|..|.. 62.0
|..|..|.. Google
|..|..|.. Microsoft
|..|.. 70.0
|..|..|.. Facebook
|..|..|.. 66.0
|..|..|..|.. Apple
|..|..|..|.. Amazon
✅ pass: prototypes

A Huawei

{:1    :2    :3    :4    :5    :6    :7    :8    :9    :10    :11    :12    :13    :14    :15    :16    :17    :18    :19   }
{:1    :2    :3    :4    :5    :6    :7    :8    :9 A  :10    :11    :12    :13    :14    :15    :16    :17    :18    :19   }
{:1    :2    :3    :4    :5    :6    :7    :8    :9    :10    :11    :12    :13    :14    :15    :16    :17    :18    :19   }
{:1    :2    :3    :4    :5    :6    :7    :8    :9    :10    :11    :12    :13    :14    :15    :16    :17    :18    :19   }
{:1    :2    :3    :4    :5    :6    :7    :8    :9    :10    :11    :12    :13    :14    :15    :16    :17    :18    :19   }
{:1    :2    :3    :4    :5    :6    :7    :8    :9    :10    :11    :12    :13    :14    :15    :16    :17    :18    :19   }
{:1    :2    :3    :4    :5    :6    :7    :8    :9    :10    :11    :12    :13    :14    :15    :16    :17    :18    :19   }
{:1    :2    :3    :4    :5    :6    :7    :8    :9    :10    :11    :12    :13    :14    :15    :16    :17    :18    :19   }
{:1    :2    :3    :4    :5    :6    :7    :8    :9    :10    :11    :12    :13    :14    :15    :16    :17    :18    :19   }
B Oracle

{:1    :2    :3    :4    :5    :6    :7    :8    :9    :10    :11    :12    :13    :14    :15    :16    :17    :18    :19   }
{:1    :2    :3    :4    :5    :6    :7    :8    :9 A  :10    :11    :12    :13    :14    :15    :16    :17    :18    :19   }
{:1    :2    :3    :4    :5    :6    :7    :8    :9    :10    :11    :12    :13    :14    :15    :16    :17    :18    :19   }
{:1    :2    :3    :4    :5    :6    :7    :8    :9    :10    :11    :12    :13    :14    :15    :16    :17    :18    :19   }
{:1    :2    :3    :4    :5    :6    :7    :8    :9    :10    :11    :12    :13    :14    :15    :16    :17    :18    :19   }
{:1    :2    :3    :4    :5    :6    :7    :8    :9    :10    :11    :12    :13    :14    :15    :16    :17    :18    :19   }
{:1    :2    :3    :4    :5    :6    :7    :8    :9    :10    :11    :12    :13    :14    :15    :16    :17    :18    :19   }
{:1    :2    :3    :4    :5    :6    :7    :8    :9    :10 B  :11    :12    :13    :14    :15    :16    :17    :18    :19   }
{:1    :2    :3    :4    :5    :6    :7    :8    :9    :10    :11    :12    :13    :14    :15    :16    :17    :18    :19   }
{:1    :2    :3    :4    :5    :6    :7    :8    :9    :10    :11    :12    :13    :14    :15    :16    :17    :18    :19   }
C Intel

{:1    :2    :3    :4    :5    :6    :7    :8    :9    :10    :11    :12    :13    :14    :15    :16    :17    :18    :19   }
{:1    :2    :3    :4    :5    :6    :7    :8    :9 A  :10    :11    :12    :13    :14    :15    :16    :17    :18    :19   }
{:1    :2    :3    :4    :5    :6    :7    :8    :9 C  :10    :11    :12    :13    :14    :15    :16    :17    :18    :19   }
{:1    :2    :3    :4    :5    :6    :7    :8    :9    :10    :11    :12    :13    :14    :15    :16    :17    :18    :19   }
{:1    :2    :3    :4    :5    :6    :7    :8    :9    :10    :11    :12    :13    :14    :15    :16    :17    :18    :19   }
{:1    :2    :3    :4    :5    :6    :7    :8    :9    :10    :11    :12    :13    :14    :15    :16    :17    :18    :19   }
{:1    :2    :3    :4    :5    :6    :7    :8    :9    :10    :11    :12    :13    :14    :15    :16    :17    :18    :19   }
{:1    :2    :3    :4    :5    :6    :7    :8    :9    :10 B  :11    :12    :13    :14    :15    :16    :17    :18    :19   }
{:1    :2    :3    :4    :5    :6    :7    :8    :9    :10    :11    :12    :13    :14    :15    :16    :17    :18    :19   }
{:1    :2    :3    :4    :5    :6    :7    :8    :9    :10    :11    :12    :13    :14    :15    :16    :17    :18    :19   }
D Samsung

{:1    :2    :3    :4    :5    :6    :7    :8    :9    :10    :11    :12    :13    :14    :15    :16    :17    :18    :19   }
{:1    :2    :3    :4    :5    :6    :7    :8    :9 A  :10    :11    :12    :13    :14    :15    :16    :17    :18    :19   }
{:1    :2    :3    :4    :5    :6    :7    :8    :9 C  :10    :11    :12    :13    :14    :15    :16    :17    :18    :19   }
{:1    :2    :3    :4    :5 D  :6    :7    :8    :9    :10    :11    :12    :13    :14    :15    :16    :17    :18    :19   }
{:1    :2    :3    :4    :5    :6    :7    :8    :9    :10    :11    :12    :13    :14    :15    :16    :17    :18    :19   }
{:1    :2    :3    :4    :5    :6    :7    :8    :9    :10    :11    :12    :13    :14    :15    :16    :17    :18    :19   }
{:1    :2    :3    :4    :5    :6    :7    :8    :9    :10    :11    :12    :13    :14    :15    :16    :17    :18    :19   }
{:1    :2    :3    :4    :5    :6    :7    :8    :9    :10 B  :11    :12    :13    :14    :15    :16    :17    :18    :19   }
{:1    :2    :3    :4    :5    :6    :7    :8    :9    :10    :11    :12    :13    :14    :15    :16    :17    :18    :19   }
{:1    :2    :3    :4    :5    :6    :7    :8    :9    :10    :11    :12    :13    :14    :15    :16    :17    :18    :19   }
E Tesla

{:1    :2    :3    :4    :5    :6    :7    :8    :9    :10    :11    :12    :13    :14    :15    :16    :17    :18    :19   }
{:1    :2    :3    :4    :5    :6    :7    :8    :9 A  :10    :11    :12    :13    :14    :15    :16    :17    :18    :19   }
{:1    :2    :3    :4    :5    :6    :7    :8    :9 C  :10    :11    :12    :13    :14    :15    :16    :17    :18    :19   }
{:1    :2    :3    :4    :5 D  :6    :7    :8    :9    :10    :11    :12    :13    :14    :15    :16    :17    :18    :19   }
{:1    :2    :3    :4    :5    :6    :7    :8    :9    :10    :11    :12    :13    :14    :15    :16    :17    :18    :19   }
{:1    :2    :3    :4    :5    :6    :7    :8    :9    :10    :11    :12    :13    :14    :15    :16    :17    :18    :19   }
{:1    :2    :3    :4    :5    :6    :7    :8    :9    :10    :11    :12    :13    :14    :15    :16    :17    :18    :19   }
{:1    :2    :3    :4    :5    :6    :7    :8    :9    :10 B  :11    :12    :13    :14    :15    :16    :17    :18    :19   }
{:1    :2    :3    :4    :5    :6    :7    :8    :9    :10    :11    :12    :13    :14    :15    :16    :17    :18    :19   }
{:1    :2    :3    :4    :5    :6    :7    :8    :9    :10    :11    :12    :13    :14    :15    :16    :17    :18    :19   }
F Facebook

{:1    :2    :3    :4    :5    :6    :7    :8    :9    :10    :11    :12    :13    :14    :15    :16    :17    :18    :19   }
{:1    :2    :3    :4    :5    :6    :7    :8    :9 A  :10    :11    :12    :13    :14    :15    :16    :17    :18    :19   }
{:1    :2    :3    :4    :5    :6    :7    :8    :9 C  :10    :11    :12    :13    :14    :15    :16    :17    :18    :19   }
{:1    :2    :3    :4    :5 D  :6    :7    :8 F  :9    :10    :11    :12    :13    :14    :15    :16    :17    :18    :19   }
{:1    :2    :3    :4    :5    :6    :7    :8    :9    :10    :11    :12    :13    :14    :15    :16    :17    :18    :19   }
{:1    :2    :3    :4    :5    :6    :7    :8    :9    :10    :11    :12    :13    :14    :15    :16    :17    :18    :19   }
{:1    :2    :3    :4    :5    :6    :7    :8    :9    :10    :11    :12    :13    :14    :15    :16    :17    :18    :19   }
{:1    :2    :3    :4    :5    :6    :7    :8    :9    :10 B  :11    :12    :13    :14    :15    :16    :17    :18    :19   }
{:1    :2    :3    :4    :5    :6    :7    :8    :9    :10    :11    :12    :13    :14    :15    :16    :17    :18    :19   }
{:1    :2    :3    :4    :5    :6    :7    :8    :9    :10    :11    :12    :13    :14    :15    :16    :17    :18    :19   }
G Amazon

{:1    :2    :3    :4    :5    :6    :7    :8    :9    :10    :11    :12    :13    :14    :15    :16    :17    :18    :19   }
{:1    :2    :3    :4    :5    :6    :7    :8    :9 A  :10    :11    :12    :13    :14    :15    :16    :17    :18    :19   }
{:1    :2    :3    :4    :5    :6    :7    :8    :9 C  :10    :11    :12    :13    :14    :15    :16    :17    :18    :19   }
{:1    :2    :3    :4    :5 D  :6    :7    :8 F  :9    :10    :11    :12    :13    :14    :15    :16    :17    :18    :19   }
{:1    :2    :3    :4    :5    :6    :7    :8    :9    :10    :11    :12    :13    :14    :15    :16    :17    :18    :19   }
{:1    :2    :3    :4    :5    :6    :7    :8    :9    :10    :11    :12    :13    :14    :15    :16    :17    :18    :19   }
{:1    :2    :3    :4    :5    :6    :7    :8    :9    :10    :11    :12    :13    :14    :15    :16    :17    :18    :19   }
{:1    :2    :3    :4    :5    :6    :7    :8    :9    :10 B  :11    :12    :13    :14    :15    :16    :17    :18    :19   }
{:1    :2    :3    :4    :5    :6    :7    :8    :9    :10    :11    :12    :13    :14    :15    :16    :17    :18    :19   }
{:1    :2    :3    :4    :5    :6 G  :7    :8    :9    :10    :11    :12    :13    :14    :15    :16    :17    :18    :19   }
H Google

{:1    :2    :3    :4    :5    :6    :7    :8    :9    :10    :11    :12    :13    :14    :15    :16    :17    :18    :19   }
{:1    :2    :3    :4    :5    :6    :7    :8    :9 A  :10    :11    :12    :13    :14    :15    :16    :17    :18    :19   }
{:1    :2    :3    :4    :5    :6    :7    :8    :9 C  :10    :11    :12    :13    :14    :15    :16    :17    :18    :19   }
{:1    :2    :3    :4    :5 D  :6    :7    :8 F  :9    :10    :11    :12    :13    :14    :15    :16    :17    :18    :19   }
{:1    :2    :3    :4    :5    :6    :7    :8    :9    :10    :11    :12    :13    :14    :15    :16    :17    :18    :19   }
{:1    :2    :3    :4    :5    :6    :7    :8    :9    :10    :11    :12    :13    :14    :15    :16    :17    :18    :19   }
{:1    :2    :3    :4    :5    :6    :7    :8    :9    :10    :11    :12    :13    :14    :15    :16    :17    :18    :19   }
{:1    :2    :3    :4    :5    :6    :7    :8    :9    :10 B  :11    :12    :13    :14    :15    :16    :17    :18    :19   }
{:1    :2    :3    :4    :5    :6    :7    :8    :9    :10    :11    :12    :13    :14    :15    :16    :17    :18    :19   }
{:1    :2    :3    :4    :5    :6 G  :7    :8    :9    :10    :11    :12    :13    :14    :15    :16    :17    :18    :19   }
I Microsoft

{:1    :2    :3    :4    :5    :6    :7    :8    :9    :10    :11    :12    :13    :14    :15    :16    :17    :18    :19   }
{:1    :2    :3    :4    :5    :6    :7    :8    :9 A  :10    :11    :12    :13    :14    :15    :16    :17    :18    :19   }
{:1    :2    :3    :4    :5    :6    :7    :8    :9 C  :10    :11    :12    :13    :14    :15    :16    :17    :18    :19   }
{:1    :2    :3    :4    :5 D  :6    :7    :8 F  :9    :10    :11    :12    :13    :14    :15    :16    :17    :18    :19   }
{:1    :2    :3    :4    :5    :6    :7    :8    :9    :10    :11    :12    :13    :14    :15    :16    :17    :18    :19   }
{:1    :2    :3    :4    :5    :6    :7    :8    :9    :10    :11    :12    :13    :14    :15    :16    :17    :18    :19   }
{:1    :2    :3    :4    :5    :6    :7    :8    :9    :10    :11    :12    :13    :14    :15    :16    :17    :18    :19   }
{:1    :2    :3    :4    :5    :6    :7    :8    :9    :10 I  :11    :12    :13    :14    :15    :16    :17    :18    :19   }
{:1    :2    :3    :4    :5    :6    :7    :8    :9    :10    :11    :12    :13    :14    :15    :16    :17    :18    :19   }
{:1    :2    :3    :4    :5    :6 G  :7    :8    :9    :10    :11    :12    :13    :14    :15    :16    :17    :18    :19   }
J Apple

{:1    :2    :3    :4    :5    :6    :7    :8    :9    :10    :11    :12    :13    :14    :15    :16    :17    :18    :19   }
{:1    :2    :3    :4    :5    :6    :7    :8    :9 A  :10    :11    :12    :13    :14    :15    :16    :17    :18    :19   }
{:1    :2    :3    :4    :5    :6    :7    :8    :9 C  :10    :11    :12    :13    :14    :15    :16    :17    :18    :19   }
{:1    :2    :3    :4    :5 D  :6    :7    :8 F  :9    :10    :11    :12    :13    :14    :15    :16    :17    :18    :19   }
{:1    :2    :3    :4    :5    :6    :7    :8    :9    :10    :11    :12    :13    :14    :15    :16    :17    :18    :19   }
{:1    :2    :3    :4    :5    :6    :7    :8    :9 J  :10    :11    :12    :13    :14    :15    :16    :17    :18    :19   }
{:1    :2    :3    :4    :5    :6    :7    :8    :9    :10    :11    :12    :13    :14    :15    :16    :17    :18    :19   }
{:1    :2    :3    :4    :5    :6    :7    :8    :9    :10 I  :11    :12    :13    :14    :15    :16    :17    :18    :19   }
{:1    :2    :3    :4    :5    :6    :7    :8    :9    :10    :11    :12    :13    :14    :15    :16    :17    :18    :19   }
{:1    :2    :3    :4    :5    :6 G  :7    :8    :9    :10    :11    :12    :13    :14    :15    :16    :17    :18    :19   }
✅ pass: position
 77.0
|.. 59.0
|..|.. 42.0
|..|..|.. Amazon
|..|..|.. Google
|..|.. 48.0
|..|..|.. Samsung
|..|..|.. 48.0
|..|..|..|.. Facebook
|..|..|..|.. Tesla
|.. 52.0
|..|.. 32.0
|..|..|.. Huawei
|..|..|.. Apple
|..|.. 36.0
|..|..|.. Oracle
|..|..|.. 33.0
|..|..|..|.. Intel
|..|..|..|.. Microsoft
 88.0
|.. 56.0
|..|.. 41.0
|..|..|.. Low Revenue:High Revenue
|..|..|.. Low Profit Margin:High Profit Margin
|..|.. 39.0
|..|..|.. Unsustainable:Highly Sustainable
|..|..|.. Unhappy Employee:Happy Employees
|.. 67.0
|..|.. 54.0
|..|..|.. Low Market Cap:High Market Cap
|..|..|.. Poor Brand Recognition:High Brand Recognition
|..|.. 57.0
|..|..|.. Conservative:Innovative
|..|..|.. Less Diversity:More Diversity

A Huawei

B Oracle

{:1    :2    :3    :4    :5    :6    :7    :8    :9    :10    :11    :12    :13    :14    :15    :16    :17    :18    :19   }
{:1    :2    :3    :4    :5    :6    :7    :8    :9    :10    :11    :12    :13    :14    :15    :16    :17    :18    :19   }
{:1    :2    :3    :4    :5    :6    :7    :8    :9    :10    :11    :12    :13    :14    :15    :16    :17    :18    :19   }
{:1    :2    :3    :4    :5    :6    :7    :8    :9    :10    :11    :12    :13    :14    :15    :16    :17    :18    :19   }
{:1    :2    :3    :4    :5    :6    :7    :8    :9    :10    :11    :12    :13    :14    :15    :16    :17    :18    :19   }
{:1    :2    :3    :4    :5    :6    :7    :8    :9    :10    :11    :12    :13    :14    :15    :16    :17    :18    :19   }
{:1    :2    :3    :4    :5    :6    :7    :8    :9    :10    :11    :12    :13    :14    :15    :16    :17    :18    :19   }
{:1    :2    :3    :4    :5    :6    :7    :8    :9    :10    :11    :12    :13    :14    :15    :16    :17    :18    :19   }
{:1    :2    :3    :4    :5    :6    :7    :8    :9    :10    :11    :12    :13    :14    :15    :16    :17    :18    :19   }
C Intel

{:1    :2    :3    :4    :5    :6    :7    :8    :9    :10    :11    :12    :13    :14    :15    :16    :17    :18    :19   }
{:1    :2    :3    :4    :5    :6    :7    :8    :9    :10    :11    :12    :13    :14    :15    :16    :17    :18    :19   }
{:1    :2    :3    :4    :5    :6    :7    :8    :9    :10    :11    :12    :13    :14    :15    :16    :17    :18    :19   }
{:1    :2    :3    :4    :5    :6    :7    :8    :9    :10    :11    :12    :13    :14    :15    :16    :17    :18    :19   }
{:1    :2    :3    :4    :5    :6    :7    :8    :9    :10    :11    :12    :13    :14    :15    :16    :17    :18    :19   }
{:1    :2    :3    :4    :5    :6    :7    :8    :9    :10    :11    :12    :13    :14    :15    :16    :17    :18    :19   }
{:1    :2    :3    :4    :5    :6    :7    :8    :9    :10    :11    :12    :13    :14    :15    :16    :17    :18    :19   }
{:1    :2    :3    :4    :5    :6    :7    :8    :9    :10    :11    :12    :13    :14    :15    :16    :17    :18    :19   }
{:1    :2    :3    :4    :5    :6    :7    :8    :9    :10    :11    :12    :13    :14    :15    :16    :17    :18    :19   }
D Samsung

{:1    :2    :3    :4    :5    :6    :7    :8    :9    :10    :11    :12    :13    :14    :15    :16    :17    :18    :19   }
{:1    :2    :3    :4    :5    :6    :7    :8    :9    :10    :11    :12    :13    :14    :15    :16    :17    :18    :19   }
{:1    :2    :3    :4    :5    :6    :7    :8    :9    :10    :11    :12    :13    :14    :15    :16    :17    :18    :19   }
{:1    :2    :3    :4    :5    :6    :7    :8    :9    :10    :11    :12    :13    :14    :15    :16    :17    :18    :19   }
{:1    :2    :3    :4    :5    :6    :7    :8    :9    :10    :11    :12    :13    :14    :15    :16    :17    :18    :19   }
{:1    :2    :3    :4    :5    :6    :7    :8    :9    :10    :11    :12    :13    :14    :15    :16    :17    :18    :19   }
{:1    :2    :3    :4    :5    :6    :7    :8    :9    :10    :11    :12    :13    :14    :15    :16    :17    :18    :19   }
{:1    :2    :3    :4    :5    :6    :7 D  :8    :9    :10    :11    :12    :13    :14    :15    :16    :17    :18    :19   }
{:1    :2    :3    :4    :5    :6    :7    :8    :9    :10    :11    :12    :13    :14    :15    :16    :17    :18    :19   }
E Tesla

{:1    :2    :3    :4    :5    :6    :7    :8    :9    :10    :11    :12    :13    :14    :15    :16    :17    :18    :19   }
{:1    :2    :3    :4    :5    :6    :7    :8    :9    :10    :11    :12    :13    :14    :15    :16    :17    :18    :19   }
{:1    :2    :3    :4    :5    :6    :7    :8    :9    :10    :11    :12    :13    :14    :15    :16    :17    :18    :19   }
{:1    :2    :3    :4    :5    :6    :7    :8    :9    :10    :11    :12    :13    :14    :15    :16    :17    :18    :19   }
{:1    :2    :3    :4    :5    :6    :7    :8    :9    :10    :11    :12    :13    :14    :15    :16    :17    :18    :19   }
{:1    :2    :3    :4    :5    :6    :7    :8    :9    :10    :11    :12    :13    :14    :15    :16    :17    :18    :19   }
{:1    :2    :3    :4    :5    :6    :7    :8    :9    :10    :11    :12    :13    :14    :15    :16    :17    :18    :19   }
{:1    :2    :3    :4    :5    :6    :7 D  :8    :9    :10    :11    :12    :13    :14    :15    :16    :17    :18    :19   }
{:1    :2    :3    :4    :5    :6    :7    :8    :9    :10    :11    :12    :13    :14    :15    :16    :17    :18    :19   }
F Facebook

{:1    :2    :3    :4    :5    :6    :7    :8    :9    :10    :11    :12    :13    :14    :15    :16    :17    :18    :19   }
{:1    :2    :3    :4    :5    :6    :7    :8    :9    :10    :11    :12    :13    :14    :15    :16    :17    :18    :19   }
{:1    :2    :3    :4    :5    :6    :7    :8    :9    :10    :11    :12    :13    :14    :15    :16    :17    :18    :19   }
{:1    :2    :3    :4    :5    :6    :7    :8    :9    :10    :11    :12    :13    :14    :15    :16    :17    :18    :19   }
{:1    :2    :3    :4    :5    :6    :7    :8 F  :9    :10    :11    :12    :13    :14    :15    :16    :17    :18    :19   }
{:1    :2    :3    :4    :5    :6    :7    :8    :9    :10    :11    :12    :13    :14    :15    :16    :17    :18    :19   }
{:1    :2    :3    :4    :5    :6    :7    :8    :9    :10    :11    :12    :13    :14    :15    :16    :17    :18    :19   }
{:1    :2    :3    :4    :5    :6    :7 D  :8    :9    :10    :11    :12    :13    :14    :15    :16    :17    :18    :19   }
{:1    :2    :3    :4    :5    :6    :7    :8    :9    :10    :11    :12    :13    :14    :15    :16    :17    :18    :19   }
G Amazon

{:1    :2    :3    :4    :5    :6    :7    :8    :9    :10    :11    :12    :13    :14    :15    :16    :17    :18    :19   }
{:1    :2    :3    :4    :5    :6    :7    :8    :9    :10    :11    :12    :13    :14    :15    :16    :17    :18    :19   }
{:1    :2    :3    :4    :5    :6    :7    :8    :9    :10    :11    :12    :13    :14    :15    :16    :17    :18    :19   }
{:1    :2    :3    :4    :5    :6    :7    :8    :9    :10    :11    :12    :13    :14    :15    :16    :17    :18    :19   }
{:1    :2    :3    :4    :5    :6    :7    :8 F  :9    :10    :11    :12    :13    :14    :15    :16    :17    :18    :19   }
{:1    :2    :3    :4    :5    :6    :7    :8    :9    :10    :11    :12    :13    :14    :15    :16    :17    :18    :19   }
{:1    :2    :3    :4    :5    :6    :7    :8    :9    :10    :11    :12    :13    :14    :15    :16    :17    :18    :19   }
{:1    :2    :3    :4    :5    :6    :7 D  :8    :9    :10    :11    :12    :13    :14    :15    :16    :17    :18    :19   }
{:1    :2    :3    :4    :5    :6    :7    :8    :9    :10    :11    :12    :13    :14    :15    :16    :17    :18    :19   }
H Google

{:1    :2    :3    :4    :5    :6    :7    :8    :9    :10    :11    :12    :13    :14    :15    :16    :17    :18    :19   }
{:1    :2    :3    :4    :5    :6    :7    :8 H  :9    :10    :11    :12    :13    :14    :15    :16    :17    :18    :19   }
{:1    :2    :3    :4    :5    :6    :7    :8    :9    :10    :11    :12    :13    :14    :15    :16    :17    :18    :19   }
{:1    :2    :3    :4    :5    :6    :7    :8    :9    :10    :11    :12    :13    :14    :15    :16    :17    :18    :19   }
{:1    :2    :3    :4    :5    :6    :7    :8 F  :9    :10    :11    :12    :13    :14    :15    :16    :17    :18    :19   }
{:1    :2    :3    :4    :5    :6    :7    :8    :9    :10    :11    :12    :13    :14    :15    :16    :17    :18    :19   }
{:1    :2    :3    :4    :5    :6    :7    :8    :9    :10    :11    :12    :13    :14    :15    :16    :17    :18    :19   }
{:1    :2    :3    :4    :5    :6    :7 D  :8    :9    :10    :11    :12    :13    :14    :15    :16    :17    :18    :19   }
{:1    :2    :3    :4    :5    :6    :7    :8    :9    :10    :11    :12    :13    :14    :15    :16    :17    :18    :19   }
I Microsoft

{:1    :2    :3    :4    :5    :6    :7    :8    :9    :10    :11    :12    :13    :14    :15    :16    :17    :18    :19   }
{:1    :2    :3    :4    :5    :6    :7    :8 H  :9    :10    :11    :12    :13    :14    :15    :16    :17    :18    :19   }
{:1    :2    :3    :4    :5    :6    :7    :8    :9    :10    :11    :12    :13    :14    :15    :16    :17    :18    :19   }
{:1    :2    :3    :4    :5    :6    :7    :8    :9    :10    :11    :12    :13    :14    :15    :16    :17    :18    :19   }
{:1    :2    :3    :4    :5    :6    :7    :8 F  :9    :10    :11    :12    :13    :14    :15    :16    :17    :18    :19   }
{:1    :2    :3    :4    :5    :6    :7    :8    :9    :10    :11    :12    :13    :14    :15    :16    :17    :18    :19   }
{:1    :2    :3    :4    :5    :6    :7    :8    :9    :10    :11    :12    :13    :14    :15    :16    :17    :18    :19   }
{:1    :2    :3    :4    :5    :6    :7 D  :8    :9    :10    :11    :12    :13    :14    :15    :16    :17    :18    :19   }
{:1    :2    :3    :4    :5    :6    :7    :8    :9    :10    :11    :12    :13    :14    :15    :16    :17    :18    :19   }
J Apple

{:1    :2    :3    :4    :5    :6    :7    :8    :9    :10    :11    :12    :13    :14    :15    :16    :17    :18    :19   }
{:1    :2    :3    :4    :5    :6    :7    :8 H  :9    :10    :11    :12    :13    :14    :15    :16    :17    :18    :19   }
{:1    :2    :3    :4    :5    :6    :7    :8    :9    :10    :11    :12    :13    :14    :15    :16    :17    :18    :19   }
{:1    :2    :3    :4    :5    :6    :7    :8    :9    :10    :11    :12    :13    :14    :15    :16    :17    :18    :19   }
{:1    :2    :3    :4    :5    :6    :7    :8 F  :9    :10    :11    :12    :13    :14    :15    :16    :17    :18    :19   }
{:1    :2    :3    :4    :5    :6    :7    :8    :9    :10    :11    :12    :13    :14    :15    :16    :17    :18    :19   }
{:1    :2    :3    :4    :5    :6    :7    :8    :9    :10    :11    :12    :13    :14    :15    :16    :17    :18    :19   }
{:1    :2    :3    :4    :5    :6    :7 D  :8    :9    :10    :11    :12    :13    :14    :15    :16    :17    :18    :19   }
{:1    :2    :3    :4    :5    :6    :7    :8    :9    :10    :11    :12    :13    :14    :15    :16    :17    :18    :19   }
✅ pass: every
