✅ pass: the
b4 {:a 1  :b {:c 2  :d {3} } } 
after {:a 1  :b {:c 2  :d {10000} } }
✅ pass: copy
✅ pass: sym
✅ pass: num
{:a <class 'NUM.NUM'>  :at 0  :hi 5  :lo 1  :m2 13.5  :mu 1.75  :n 8  :txt Num1  :w 1 }
{:a <class 'NUM.NUM'>  :at 1  :hi 5  :lo 1  :m2 17.875  :mu 2.375  :n 8  :txt Num2  :w 1 }
{:a <class 'NUM.NUM'>  :at 2  :hi 3  :lo 1  :m2 6.000000000000001  :mu 1.5  :n 8  :txt Num3  :w 1 }
{:a <class 'NUM.NUM'>  :at 3  :hi 5  :lo 1  :m2 18.875  :mu 2.125  :n 8  :txt Num4  :w 1 }
{:a <class 'NUM.NUM'>  :at 4  :hi 5  :lo 1  :m2 14.874999999999998  :mu 1.8749999999999998  :n 8  :txt Num5  :w 1 }
{:a <class 'NUM.NUM'>  :at 5  :hi 5  :lo 1  :m2 32.0  :mu 3.0  :n 8  :txt Num6  :w 1 }
{:a <class 'NUM.NUM'>  :at 6  :hi 5  :lo 1  :m2 20.000000000000004  :mu 3.5  :n 8  :txt Num7  :w 1 }
{:a <class 'NUM.NUM'>  :at 7  :hi 5  :lo 2  :m2 10.874999999999998  :mu 4.125  :n 8  :txt Num8  :w 1 }
{:a <class 'NUM.NUM'>  :at 8  :hi 5  :lo 1  :m2 16.0  :mu 2.5  :n 8  :txt Num9  :w 1 }
{:a <class 'NUM.NUM'>  :at 9  :hi 5  :lo 1  :m2 15.875  :mu 2.375  :n 8  :txt Num10  :w 1 }
{:a <class 'SYM.SYM'>  :at 10  :has {}  :mode None  :most 0  :n 0  :txt thingX }
{:a <class 'ROW.ROW'>  :cells {5 3 3 1 1 1 1 3 5 5 DevelopmentTool:Application} }
{:a <class 'ROW.ROW'>  :cells {2 1 1 5 5 5 5 5 1 2 Multimedia:Programming} }
{:a <class 'ROW.ROW'>  :cells {1 3 1 3 2 5 4 3 1 1 CommunicationTechnology:ApplicationTechnology} }
{:a <class 'ROW.ROW'>  :cells {2 1 1 1 3 5 3 2 2 2 HumanOrientedTool:SystemTool} }
{:a <class 'ROW.ROW'>  :cells {1 5 3 4 1 1 4 5 4 4 ConventionalCommunication:NovelCommunication} }
{:a <class 'ROW.ROW'>  :cells {1 4 1 1 1 1 1 5 3 1 OnlyActAsProgrammed:Semi-autonomous} }
{:a <class 'ROW.ROW'>  :cells {1 1 1 1 1 1 5 5 1 1 ConventionalSystem:IntelligentSystem} }
{:a <class 'ROW.ROW'>  :cells {1 1 1 1 1 5 5 5 3 3 TargetedOnInterface:TargetedOnOverallSystem} }
✅ pass: repcols
 74.0
|.. 61.0
|..|.. 54.0
|..|..|.. ConventionalCommunication:NovelCommunication
|..|..|.. DevelopmentTool:Application
|..|.. 43.0
|..|..|.. ConventionalSystem:IntelligentSystem
|..|..|.. OnlyActAsProgrammed:Semi-autonomous
|.. 51.0
|..|.. 30.0
|..|..|.. HumanOrientedTool:SystemTool
|..|..|.. CommunicationTechnology:ApplicationTechnology
|..|.. 49.0
|..|..|.. Multimedia:Programming
|..|..|.. TargetedOnInterface:TargetedOnOverallSystem
✅ pass: synonyms
{:a <class 'NUM.NUM'>  :at 0  :hi 5  :lo 1  :m2 27.6  :mu 2.8  :n 10  :txt DevelopmentTool:Application  :w 1 }
{:a <class 'NUM.NUM'>  :at 1  :hi 5  :lo 1  :m2 33.6  :mu 3.2  :n 10  :txt Multimedia:Programming  :w 1 }
{:a <class 'NUM.NUM'>  :at 2  :hi 5  :lo 1  :m2 18.4  :mu 2.4  :n 10  :txt CommunicationTechnology:ApplicationTechnology  :w 1 }
{:a <class 'NUM.NUM'>  :at 3  :hi 5  :lo 1  :m2 13.599999999999998  :mu 2.2000000000000006  :n 10  :txt HumanOrientedTool:SystemTool  :w 1 }
{:a <class 'NUM.NUM'>  :at 4  :hi 5  :lo 1  :m2 23.6  :mu 3.2  :n 10  :txt ConventionalCommunication:NovelCommunication  :w 1 }
{:a <class 'NUM.NUM'>  :at 5  :hi 5  :lo 1  :m2 20.9  :mu 1.9  :n 10  :txt OnlyActAsProgrammed:Semi-autonomous  :w 1 }
{:a <class 'NUM.NUM'>  :at 6  :hi 5  :lo 1  :m2 25.6  :mu 1.8  :n 10  :txt ConventionalSystem:IntelligentSystem  :w 1 }
{:a <class 'NUM.NUM'>  :at 7  :hi 5  :lo 1  :m2 30.4  :mu 2.5999999999999996  :n 10  :txt TargetedOnInterface:TargetedOnOverallSystem  :w 1 }
{:a <class 'SYM.SYM'>  :at 8  :has {}  :mode None  :most 0  :n 0  :txt thingX }
{:a <class 'ROW.ROW'>  :cells {5 2 1 2 1 1 1 1 ElectronicPublishing} }
{:a <class 'ROW.ROW'>  :cells {3 1 3 1 5 4 1 1 VirtualReality} }
{:a <class 'ROW.ROW'>  :cells {3 1 1 1 3 1 1 1 MultimediaAndHypermedia} }
{:a <class 'ROW.ROW'>  :cells {1 5 3 1 4 1 1 1 VisualProgramming} }
{:a <class 'ROW.ROW'>  :cells {1 5 2 3 1 1 1 1 CrossPlatformGUIs} }
{:a <class 'ROW.ROW'>  :cells {1 5 5 5 1 1 1 5 ObjectOrientedSystems} }
{:a <class 'ROW.ROW'>  :cells {1 5 4 3 4 1 5 5 KnowledgeBasedSystems} }
{:a <class 'ROW.ROW'>  :cells {3 5 3 2 5 5 5 5 IntelligentAgents} }
{:a <class 'ROW.ROW'>  :cells {5 1 1 2 4 3 1 3 InformationHighway} }
{:a <class 'ROW.ROW'>  :cells {5 2 1 2 4 1 1 3 BroadbandNetworks} }
✅ pass: reprows
 65.0
|.. 55.0
|..|.. 33.0
|..|..|.. VisualProgramming
|..|..|.. CrossPlatformGUIs
|..|.. 52.0
|..|..|.. ElectronicPublishing
|..|..|.. 36.0
|..|..|..|.. VirtualReality
|..|..|..|.. MultimediaAndHypermedia
|.. 71.0
|..|.. 62.0
|..|..|.. IntelligentAgents
|..|..|.. InformationHighway
|..|.. 70.0
|..|..|.. ObjectOrientedSystems
|..|..|.. 66.0
|..|..|..|.. BroadbandNetworks
|..|..|..|.. KnowledgeBasedSystems
✅ pass: prototypes

A ElectronicPublishing

{:1    :2    :3    :4    :5    :6    :7    :8    :9    :10    :11    :12    :13    :14    :15    :16    :17    :18    :19   }
{:1    :2    :3    :4    :5    :6    :7    :8    :9 A  :10    :11    :12    :13    :14    :15    :16    :17    :18    :19   }
{:1    :2    :3    :4    :5    :6    :7    :8    :9    :10    :11    :12    :13    :14    :15    :16    :17    :18    :19   }
{:1    :2    :3    :4    :5    :6    :7    :8    :9    :10    :11    :12    :13    :14    :15    :16    :17    :18    :19   }
{:1    :2    :3    :4    :5    :6    :7    :8    :9    :10    :11    :12    :13    :14    :15    :16    :17    :18    :19   }
{:1    :2    :3    :4    :5    :6    :7    :8    :9    :10    :11    :12    :13    :14    :15    :16    :17    :18    :19   }
{:1    :2    :3    :4    :5    :6    :7    :8    :9    :10    :11    :12    :13    :14    :15    :16    :17    :18    :19   }
{:1    :2    :3    :4    :5    :6    :7    :8    :9    :10    :11    :12    :13    :14    :15    :16    :17    :18    :19   }
{:1    :2    :3    :4    :5    :6    :7    :8    :9    :10    :11    :12    :13    :14    :15    :16    :17    :18    :19   }
B VirtualReality

{:1    :2    :3    :4    :5    :6    :7    :8    :9    :10    :11    :12    :13    :14    :15    :16    :17    :18    :19   }
{:1    :2    :3    :4    :5    :6    :7    :8    :9 A  :10    :11    :12    :13    :14    :15    :16    :17    :18    :19   }
{:1    :2    :3    :4    :5    :6    :7    :8    :9    :10    :11    :12    :13    :14    :15    :16    :17    :18    :19   }
{:1    :2    :3    :4    :5    :6    :7    :8    :9    :10    :11    :12    :13    :14    :15    :16    :17    :18    :19   }
{:1    :2    :3    :4    :5    :6    :7    :8    :9    :10    :11    :12    :13    :14    :15    :16    :17    :18    :19   }
{:1    :2    :3    :4    :5    :6    :7    :8    :9    :10    :11    :12    :13    :14    :15    :16    :17    :18    :19   }
{:1    :2    :3    :4    :5    :6    :7    :8    :9    :10    :11    :12    :13    :14    :15    :16    :17    :18    :19   }
{:1    :2    :3    :4    :5    :6    :7    :8    :9    :10 B  :11    :12    :13    :14    :15    :16    :17    :18    :19   }
{:1    :2    :3    :4    :5    :6    :7    :8    :9    :10    :11    :12    :13    :14    :15    :16    :17    :18    :19   }
{:1    :2    :3    :4    :5    :6    :7    :8    :9    :10    :11    :12    :13    :14    :15    :16    :17    :18    :19   }
C MultimediaAndHypermedia

{:1    :2    :3    :4    :5    :6    :7    :8    :9    :10    :11    :12    :13    :14    :15    :16    :17    :18    :19   }
{:1    :2    :3    :4    :5    :6    :7    :8    :9 A  :10    :11    :12    :13    :14    :15    :16    :17    :18    :19   }
{:1    :2    :3    :4    :5    :6    :7    :8    :9 C  :10    :11    :12    :13    :14    :15    :16    :17    :18    :19   }
{:1    :2    :3    :4    :5    :6    :7    :8    :9    :10    :11    :12    :13    :14    :15    :16    :17    :18    :19   }
{:1    :2    :3    :4    :5    :6    :7    :8    :9    :10    :11    :12    :13    :14    :15    :16    :17    :18    :19   }
{:1    :2    :3    :4    :5    :6    :7    :8    :9    :10    :11    :12    :13    :14    :15    :16    :17    :18    :19   }
{:1    :2    :3    :4    :5    :6    :7    :8    :9    :10    :11    :12    :13    :14    :15    :16    :17    :18    :19   }
{:1    :2    :3    :4    :5    :6    :7    :8    :9    :10 B  :11    :12    :13    :14    :15    :16    :17    :18    :19   }
{:1    :2    :3    :4    :5    :6    :7    :8    :9    :10    :11    :12    :13    :14    :15    :16    :17    :18    :19   }
{:1    :2    :3    :4    :5    :6    :7    :8    :9    :10    :11    :12    :13    :14    :15    :16    :17    :18    :19   }
D VisualProgramming

{:1    :2    :3    :4    :5    :6    :7    :8    :9    :10    :11    :12    :13    :14    :15    :16    :17    :18    :19   }
{:1    :2    :3    :4    :5    :6    :7    :8    :9 A  :10    :11    :12    :13    :14    :15    :16    :17    :18    :19   }
{:1    :2    :3    :4    :5    :6    :7    :8    :9 C  :10    :11    :12    :13    :14    :15    :16    :17    :18    :19   }
{:1    :2    :3    :4    :5 D  :6    :7    :8    :9    :10    :11    :12    :13    :14    :15    :16    :17    :18    :19   }
{:1    :2    :3    :4    :5    :6    :7    :8    :9    :10    :11    :12    :13    :14    :15    :16    :17    :18    :19   }
{:1    :2    :3    :4    :5    :6    :7    :8    :9    :10    :11    :12    :13    :14    :15    :16    :17    :18    :19   }
{:1    :2    :3    :4    :5    :6    :7    :8    :9    :10    :11    :12    :13    :14    :15    :16    :17    :18    :19   }
{:1    :2    :3    :4    :5    :6    :7    :8    :9    :10 B  :11    :12    :13    :14    :15    :16    :17    :18    :19   }
{:1    :2    :3    :4    :5    :6    :7    :8    :9    :10    :11    :12    :13    :14    :15    :16    :17    :18    :19   }
{:1    :2    :3    :4    :5    :6    :7    :8    :9    :10    :11    :12    :13    :14    :15    :16    :17    :18    :19   }
E CrossPlatformGUIs

{:1    :2    :3    :4    :5    :6    :7    :8    :9    :10    :11    :12    :13    :14    :15    :16    :17    :18    :19   }
{:1    :2    :3    :4    :5    :6    :7    :8    :9 A  :10    :11    :12    :13    :14    :15    :16    :17    :18    :19   }
{:1    :2    :3    :4    :5    :6    :7    :8    :9 C  :10    :11    :12    :13    :14    :15    :16    :17    :18    :19   }
{:1    :2    :3    :4    :5 D  :6    :7    :8    :9    :10    :11    :12    :13    :14    :15    :16    :17    :18    :19   }
{:1    :2    :3    :4    :5    :6    :7    :8    :9    :10    :11    :12    :13    :14    :15    :16    :17    :18    :19   }
{:1    :2    :3    :4    :5    :6    :7    :8    :9    :10    :11    :12    :13    :14    :15    :16    :17    :18    :19   }
{:1    :2    :3    :4    :5    :6    :7    :8    :9    :10    :11    :12    :13    :14    :15    :16    :17    :18    :19   }
{:1    :2    :3    :4    :5    :6    :7    :8    :9    :10 B  :11    :12    :13    :14    :15    :16    :17    :18    :19   }
{:1    :2    :3    :4    :5    :6    :7    :8    :9    :10    :11    :12    :13    :14    :15    :16    :17    :18    :19   }
{:1    :2    :3    :4    :5    :6    :7    :8    :9    :10    :11    :12    :13    :14    :15    :16    :17    :18    :19   }
F ObjectOrientedSystems

{:1    :2    :3    :4    :5    :6    :7    :8    :9    :10    :11    :12    :13    :14    :15    :16    :17    :18    :19   }
{:1    :2    :3    :4    :5    :6    :7    :8    :9 A  :10    :11    :12    :13    :14    :15    :16    :17    :18    :19   }
{:1    :2    :3    :4    :5    :6    :7    :8    :9 C  :10    :11    :12    :13    :14    :15    :16    :17    :18    :19   }
{:1    :2    :3    :4    :5 D  :6    :7    :8 F  :9    :10    :11    :12    :13    :14    :15    :16    :17    :18    :19   }
{:1    :2    :3    :4    :5    :6    :7    :8    :9    :10    :11    :12    :13    :14    :15    :16    :17    :18    :19   }
{:1    :2    :3    :4    :5    :6    :7    :8    :9    :10    :11    :12    :13    :14    :15    :16    :17    :18    :19   }
{:1    :2    :3    :4    :5    :6    :7    :8    :9    :10    :11    :12    :13    :14    :15    :16    :17    :18    :19   }
{:1    :2    :3    :4    :5    :6    :7    :8    :9    :10 B  :11    :12    :13    :14    :15    :16    :17    :18    :19   }
{:1    :2    :3    :4    :5    :6    :7    :8    :9    :10    :11    :12    :13    :14    :15    :16    :17    :18    :19   }
{:1    :2    :3    :4    :5    :6    :7    :8    :9    :10    :11    :12    :13    :14    :15    :16    :17    :18    :19   }
G KnowledgeBasedSystems

{:1    :2    :3    :4    :5    :6    :7    :8    :9    :10    :11    :12    :13    :14    :15    :16    :17    :18    :19   }
{:1    :2    :3    :4    :5    :6    :7    :8    :9 A  :10    :11    :12    :13    :14    :15    :16    :17    :18    :19   }
{:1    :2    :3    :4    :5    :6    :7    :8    :9 C  :10    :11    :12    :13    :14    :15    :16    :17    :18    :19   }
{:1    :2    :3    :4    :5 D  :6    :7    :8 F  :9    :10    :11    :12    :13    :14    :15    :16    :17    :18    :19   }
{:1    :2    :3    :4    :5    :6    :7    :8    :9    :10    :11    :12    :13    :14    :15    :16    :17    :18    :19   }
{:1    :2    :3    :4    :5    :6    :7    :8    :9    :10    :11    :12    :13    :14    :15    :16    :17    :18    :19   }
{:1    :2    :3    :4    :5    :6    :7    :8    :9    :10    :11    :12    :13    :14    :15    :16    :17    :18    :19   }
{:1    :2    :3    :4    :5    :6    :7    :8    :9    :10 B  :11    :12    :13    :14    :15    :16    :17    :18    :19   }
{:1    :2    :3    :4    :5    :6    :7    :8    :9    :10    :11    :12    :13    :14    :15    :16    :17    :18    :19   }
{:1    :2    :3    :4    :5    :6 G  :7    :8    :9    :10    :11    :12    :13    :14    :15    :16    :17    :18    :19   }
H IntelligentAgents

{:1    :2    :3    :4    :5    :6    :7    :8    :9    :10    :11    :12    :13    :14    :15    :16    :17    :18    :19   }
{:1    :2    :3    :4    :5    :6    :7    :8    :9 A  :10    :11    :12    :13    :14    :15    :16    :17    :18    :19   }
{:1    :2    :3    :4    :5    :6    :7    :8    :9 C  :10    :11    :12    :13    :14    :15    :16    :17    :18    :19   }
{:1    :2    :3    :4    :5 D  :6    :7    :8 F  :9    :10    :11    :12    :13    :14    :15    :16    :17    :18    :19   }
{:1    :2    :3    :4    :5    :6    :7    :8    :9    :10    :11    :12    :13    :14    :15    :16    :17    :18    :19   }
{:1    :2    :3    :4    :5    :6    :7    :8    :9    :10    :11    :12    :13    :14    :15    :16    :17    :18    :19   }
{:1    :2    :3    :4    :5    :6    :7    :8    :9    :10    :11    :12    :13    :14    :15    :16    :17    :18    :19   }
{:1    :2    :3    :4    :5    :6    :7    :8    :9    :10 B  :11    :12    :13    :14    :15    :16    :17    :18    :19   }
{:1    :2    :3    :4    :5    :6    :7    :8    :9    :10    :11    :12    :13    :14    :15    :16    :17    :18    :19   }
{:1    :2    :3    :4    :5    :6 G  :7    :8    :9    :10    :11    :12    :13    :14    :15    :16    :17    :18    :19   }
I InformationHighway

{:1    :2    :3    :4    :5    :6    :7    :8    :9    :10    :11    :12    :13    :14    :15    :16    :17    :18    :19   }
{:1    :2    :3    :4    :5    :6    :7    :8    :9 A  :10    :11    :12    :13    :14    :15    :16    :17    :18    :19   }
{:1    :2    :3    :4    :5    :6    :7    :8    :9 C  :10    :11    :12    :13    :14    :15    :16    :17    :18    :19   }
{:1    :2    :3    :4    :5 D  :6    :7    :8 F  :9    :10    :11    :12    :13    :14    :15    :16    :17    :18    :19   }
{:1    :2    :3    :4    :5    :6    :7    :8    :9    :10    :11    :12    :13    :14    :15    :16    :17    :18    :19   }
{:1    :2    :3    :4    :5    :6    :7    :8    :9    :10    :11    :12    :13    :14    :15    :16    :17    :18    :19   }
{:1    :2    :3    :4    :5    :6    :7    :8    :9    :10    :11    :12    :13    :14    :15    :16    :17    :18    :19   }
{:1    :2    :3    :4    :5    :6    :7    :8    :9    :10 I  :11    :12    :13    :14    :15    :16    :17    :18    :19   }
{:1    :2    :3    :4    :5    :6    :7    :8    :9    :10    :11    :12    :13    :14    :15    :16    :17    :18    :19   }
{:1    :2    :3    :4    :5    :6 G  :7    :8    :9    :10    :11    :12    :13    :14    :15    :16    :17    :18    :19   }
J BroadbandNetworks

{:1    :2    :3    :4    :5    :6    :7    :8    :9    :10    :11    :12    :13    :14    :15    :16    :17    :18    :19   }
{:1    :2    :3    :4    :5    :6    :7    :8    :9 A  :10    :11    :12    :13    :14    :15    :16    :17    :18    :19   }
{:1    :2    :3    :4    :5    :6    :7    :8    :9 C  :10    :11    :12    :13    :14    :15    :16    :17    :18    :19   }
{:1    :2    :3    :4    :5 D  :6    :7    :8 F  :9    :10    :11    :12    :13    :14    :15    :16    :17    :18    :19   }
{:1    :2    :3    :4    :5    :6    :7    :8    :9    :10    :11    :12    :13    :14    :15    :16    :17    :18    :19   }
{:1    :2    :3    :4    :5    :6    :7    :8    :9 J  :10    :11    :12    :13    :14    :15    :16    :17    :18    :19   }
{:1    :2    :3    :4    :5    :6    :7    :8    :9    :10    :11    :12    :13    :14    :15    :16    :17    :18    :19   }
{:1    :2    :3    :4    :5    :6    :7    :8    :9    :10 I  :11    :12    :13    :14    :15    :16    :17    :18    :19   }
{:1    :2    :3    :4    :5    :6    :7    :8    :9    :10    :11    :12    :13    :14    :15    :16    :17    :18    :19   }
{:1    :2    :3    :4    :5    :6 G  :7    :8    :9    :10    :11    :12    :13    :14    :15    :16    :17    :18    :19   }
✅ pass: position
 77.0
|.. 59.0
|..|.. 42.0
|..|..|.. KnowledgeBasedSystems
|..|..|.. IntelligentAgents
|..|.. 48.0
|..|..|.. VisualProgramming
|..|..|.. 48.0
|..|..|..|.. ObjectOrientedSystems
|..|..|..|.. CrossPlatformGUIs
|.. 52.0
|..|.. 32.0
|..|..|.. ElectronicPublishing
|..|..|.. BroadbandNetworks
|..|.. 36.0
|..|..|.. VirtualReality
|..|..|.. 33.0
|..|..|..|.. MultimediaAndHypermedia
|..|..|..|.. InformationHighway
 88.0
|.. 56.0
|..|.. 41.0
|..|..|.. Multimedia:Programming
|..|..|.. CommunicationTechnology:ApplicationTechnology
|..|.. 39.0
|..|..|.. ConventionalSystem:IntelligentSystem
|..|..|.. TargetedOnInterface:TargetedOnOverallSystem
|.. 67.0
|..|.. 54.0
|..|..|.. DevelopmentTool:Application
|..|..|.. ConventionalCommunication:NovelCommunication
|..|.. 57.0
|..|..|.. HumanOrientedTool:SystemTool
|..|..|.. OnlyActAsProgrammed:Semi-autonomous

A ElectronicPublishing

B VirtualReality

{:1    :2    :3    :4    :5    :6    :7    :8    :9    :10    :11    :12    :13    :14    :15    :16    :17    :18    :19   }
{:1    :2    :3    :4    :5    :6    :7    :8    :9    :10    :11    :12    :13    :14    :15    :16    :17    :18    :19   }
{:1    :2    :3    :4    :5    :6    :7    :8    :9    :10    :11    :12    :13    :14    :15    :16    :17    :18    :19   }
{:1    :2    :3    :4    :5    :6    :7    :8    :9    :10    :11    :12    :13    :14    :15    :16    :17    :18    :19   }
{:1    :2    :3    :4    :5    :6    :7    :8    :9    :10    :11    :12    :13    :14    :15    :16    :17    :18    :19   }
{:1    :2    :3    :4    :5    :6    :7    :8    :9    :10    :11    :12    :13    :14    :15    :16    :17    :18    :19   }
{:1    :2    :3    :4    :5    :6    :7    :8    :9    :10    :11    :12    :13    :14    :15    :16    :17    :18    :19   }
{:1    :2    :3    :4    :5    :6    :7    :8    :9    :10    :11    :12    :13    :14    :15    :16    :17    :18    :19   }
{:1    :2    :3    :4    :5    :6    :7    :8    :9    :10    :11    :12    :13    :14    :15    :16    :17    :18    :19   }
C MultimediaAndHypermedia

{:1    :2    :3    :4    :5    :6    :7    :8    :9    :10    :11    :12    :13    :14    :15    :16    :17    :18    :19   }
{:1    :2    :3    :4    :5    :6    :7    :8    :9    :10    :11    :12    :13    :14    :15    :16    :17    :18    :19   }
{:1    :2    :3    :4    :5    :6    :7    :8    :9    :10    :11    :12    :13    :14    :15    :16    :17    :18    :19   }
{:1    :2    :3    :4    :5    :6    :7    :8    :9    :10    :11    :12    :13    :14    :15    :16    :17    :18    :19   }
{:1    :2    :3    :4    :5    :6    :7    :8    :9    :10    :11    :12    :13    :14    :15    :16    :17    :18    :19   }
{:1    :2    :3    :4    :5    :6    :7    :8    :9    :10    :11    :12    :13    :14    :15    :16    :17    :18    :19   }
{:1    :2    :3    :4    :5    :6    :7    :8    :9    :10    :11    :12    :13    :14    :15    :16    :17    :18    :19   }
{:1    :2    :3    :4    :5    :6    :7    :8    :9    :10    :11    :12    :13    :14    :15    :16    :17    :18    :19   }
{:1    :2    :3    :4    :5    :6    :7    :8    :9    :10    :11    :12    :13    :14    :15    :16    :17    :18    :19   }
D VisualProgramming

{:1    :2    :3    :4    :5    :6    :7    :8    :9    :10    :11    :12    :13    :14    :15    :16    :17    :18    :19   }
{:1    :2    :3    :4    :5    :6    :7    :8    :9    :10    :11    :12    :13    :14    :15    :16    :17    :18    :19   }
{:1    :2    :3    :4    :5    :6    :7    :8    :9    :10    :11    :12    :13    :14    :15    :16    :17    :18    :19   }
{:1    :2    :3    :4    :5    :6    :7    :8    :9    :10    :11    :12    :13    :14    :15    :16    :17    :18    :19   }
{:1    :2    :3    :4    :5    :6    :7    :8    :9    :10    :11    :12    :13    :14    :15    :16    :17    :18    :19   }
{:1    :2    :3    :4    :5    :6    :7    :8    :9    :10    :11    :12    :13    :14    :15    :16    :17    :18    :19   }
{:1    :2    :3    :4    :5    :6    :7    :8    :9    :10    :11    :12    :13    :14    :15    :16    :17    :18    :19   }
{:1    :2    :3    :4    :5    :6    :7 D  :8    :9    :10    :11    :12    :13    :14    :15    :16    :17    :18    :19   }
{:1    :2    :3    :4    :5    :6    :7    :8    :9    :10    :11    :12    :13    :14    :15    :16    :17    :18    :19   }
E CrossPlatformGUIs

{:1    :2    :3    :4    :5    :6    :7    :8    :9    :10    :11    :12    :13    :14    :15    :16    :17    :18    :19   }
{:1    :2    :3    :4    :5    :6    :7    :8    :9    :10    :11    :12    :13    :14    :15    :16    :17    :18    :19   }
{:1    :2    :3    :4    :5    :6    :7    :8    :9    :10    :11    :12    :13    :14    :15    :16    :17    :18    :19   }
{:1    :2    :3    :4    :5    :6    :7    :8    :9    :10    :11    :12    :13    :14    :15    :16    :17    :18    :19   }
{:1    :2    :3    :4    :5    :6    :7    :8    :9    :10    :11    :12    :13    :14    :15    :16    :17    :18    :19   }
{:1    :2    :3    :4    :5    :6    :7    :8    :9    :10    :11    :12    :13    :14    :15    :16    :17    :18    :19   }
{:1    :2    :3    :4    :5    :6    :7    :8    :9    :10    :11    :12    :13    :14    :15    :16    :17    :18    :19   }
{:1    :2    :3    :4    :5    :6    :7 D  :8    :9    :10    :11    :12    :13    :14    :15    :16    :17    :18    :19   }
{:1    :2    :3    :4    :5    :6    :7    :8    :9    :10    :11    :12    :13    :14    :15    :16    :17    :18    :19   }
F ObjectOrientedSystems

{:1    :2    :3    :4    :5    :6    :7    :8    :9    :10    :11    :12    :13    :14    :15    :16    :17    :18    :19   }
{:1    :2    :3    :4    :5    :6    :7    :8    :9    :10    :11    :12    :13    :14    :15    :16    :17    :18    :19   }
{:1    :2    :3    :4    :5    :6    :7    :8    :9    :10    :11    :12    :13    :14    :15    :16    :17    :18    :19   }
{:1    :2    :3    :4    :5    :6    :7    :8    :9    :10    :11    :12    :13    :14    :15    :16    :17    :18    :19   }
{:1    :2    :3    :4    :5    :6    :7    :8 F  :9    :10    :11    :12    :13    :14    :15    :16    :17    :18    :19   }
{:1    :2    :3    :4    :5    :6    :7    :8    :9    :10    :11    :12    :13    :14    :15    :16    :17    :18    :19   }
{:1    :2    :3    :4    :5    :6    :7    :8    :9    :10    :11    :12    :13    :14    :15    :16    :17    :18    :19   }
{:1    :2    :3    :4    :5    :6    :7 D  :8    :9    :10    :11    :12    :13    :14    :15    :16    :17    :18    :19   }
{:1    :2    :3    :4    :5    :6    :7    :8    :9    :10    :11    :12    :13    :14    :15    :16    :17    :18    :19   }
G KnowledgeBasedSystems

{:1    :2    :3    :4    :5    :6    :7    :8    :9    :10    :11    :12    :13    :14    :15    :16    :17    :18    :19   }
{:1    :2    :3    :4    :5    :6    :7    :8    :9    :10    :11    :12    :13    :14    :15    :16    :17    :18    :19   }
{:1    :2    :3    :4    :5    :6    :7    :8    :9    :10    :11    :12    :13    :14    :15    :16    :17    :18    :19   }
{:1    :2    :3    :4    :5    :6    :7    :8    :9    :10    :11    :12    :13    :14    :15    :16    :17    :18    :19   }
{:1    :2    :3    :4    :5    :6    :7    :8 F  :9    :10    :11    :12    :13    :14    :15    :16    :17    :18    :19   }
{:1    :2    :3    :4    :5    :6    :7    :8    :9    :10    :11    :12    :13    :14    :15    :16    :17    :18    :19   }
{:1    :2    :3    :4    :5    :6    :7    :8    :9    :10    :11    :12    :13    :14    :15    :16    :17    :18    :19   }
{:1    :2    :3    :4    :5    :6    :7 D  :8    :9    :10    :11    :12    :13    :14    :15    :16    :17    :18    :19   }
{:1    :2    :3    :4    :5    :6    :7    :8    :9    :10    :11    :12    :13    :14    :15    :16    :17    :18    :19   }
H IntelligentAgents

{:1    :2    :3    :4    :5    :6    :7    :8    :9    :10    :11    :12    :13    :14    :15    :16    :17    :18    :19   }
{:1    :2    :3    :4    :5    :6    :7    :8 H  :9    :10    :11    :12    :13    :14    :15    :16    :17    :18    :19   }
{:1    :2    :3    :4    :5    :6    :7    :8    :9    :10    :11    :12    :13    :14    :15    :16    :17    :18    :19   }
{:1    :2    :3    :4    :5    :6    :7    :8    :9    :10    :11    :12    :13    :14    :15    :16    :17    :18    :19   }
{:1    :2    :3    :4    :5    :6    :7    :8 F  :9    :10    :11    :12    :13    :14    :15    :16    :17    :18    :19   }
{:1    :2    :3    :4    :5    :6    :7    :8    :9    :10    :11    :12    :13    :14    :15    :16    :17    :18    :19   }
{:1    :2    :3    :4    :5    :6    :7    :8    :9    :10    :11    :12    :13    :14    :15    :16    :17    :18    :19   }
{:1    :2    :3    :4    :5    :6    :7 D  :8    :9    :10    :11    :12    :13    :14    :15    :16    :17    :18    :19   }
{:1    :2    :3    :4    :5    :6    :7    :8    :9    :10    :11    :12    :13    :14    :15    :16    :17    :18    :19   }
I InformationHighway

{:1    :2    :3    :4    :5    :6    :7    :8    :9    :10    :11    :12    :13    :14    :15    :16    :17    :18    :19   }
{:1    :2    :3    :4    :5    :6    :7    :8 H  :9    :10    :11    :12    :13    :14    :15    :16    :17    :18    :19   }
{:1    :2    :3    :4    :5    :6    :7    :8    :9    :10    :11    :12    :13    :14    :15    :16    :17    :18    :19   }
{:1    :2    :3    :4    :5    :6    :7    :8    :9    :10    :11    :12    :13    :14    :15    :16    :17    :18    :19   }
{:1    :2    :3    :4    :5    :6    :7    :8 F  :9    :10    :11    :12    :13    :14    :15    :16    :17    :18    :19   }
{:1    :2    :3    :4    :5    :6    :7    :8    :9    :10    :11    :12    :13    :14    :15    :16    :17    :18    :19   }
{:1    :2    :3    :4    :5    :6    :7    :8    :9    :10    :11    :12    :13    :14    :15    :16    :17    :18    :19   }
{:1    :2    :3    :4    :5    :6    :7 D  :8    :9    :10    :11    :12    :13    :14    :15    :16    :17    :18    :19   }
{:1    :2    :3    :4    :5    :6    :7    :8    :9    :10    :11    :12    :13    :14    :15    :16    :17    :18    :19   }
J BroadbandNetworks

{:1    :2    :3    :4    :5    :6    :7    :8    :9    :10    :11    :12    :13    :14    :15    :16    :17    :18    :19   }
{:1    :2    :3    :4    :5    :6    :7    :8 H  :9    :10    :11    :12    :13    :14    :15    :16    :17    :18    :19   }
{:1    :2    :3    :4    :5    :6    :7    :8    :9    :10    :11    :12    :13    :14    :15    :16    :17    :18    :19   }
{:1    :2    :3    :4    :5    :6    :7    :8    :9    :10    :11    :12    :13    :14    :15    :16    :17    :18    :19   }
{:1    :2    :3    :4    :5    :6    :7    :8 F  :9    :10    :11    :12    :13    :14    :15    :16    :17    :18    :19   }
{:1    :2    :3    :4    :5    :6    :7    :8    :9    :10    :11    :12    :13    :14    :15    :16    :17    :18    :19   }
{:1    :2    :3    :4    :5    :6    :7    :8    :9    :10    :11    :12    :13    :14    :15    :16    :17    :18    :19   }
{:1    :2    :3    :4    :5    :6    :7 D  :8    :9    :10    :11    :12    :13    :14    :15    :16    :17    :18    :19   }
{:1    :2    :3    :4    :5    :6    :7    :8    :9    :10    :11    :12    :13    :14    :15    :16    :17    :18    :19   }
✅ pass: every
