pass: ok 

beaca
ddddb
adadd
eadcb
eacaa
aeadb
daebd
debcb
bdcad
eabca
pass: sample 

10 5.5 3.0276503540974917
pass: nums 

10000 10.013090245127714 1.9708063718547493
pass: gauss 

		truee True True
		false False False
		false False False
pass: basic 

 mu sd cliffs boot both
 -- -- ------ ---- ----
 10.0 1 True True True
 10.1 1 True True True
 10.2 1 True True True
 10.3 1 True True True
 10.4 1 True True True
 10.5 1 True False False
 10.6 1 True False False
 10.7 1 True False False
 10.8 1 True False False
 10.9 1 True False False
 11.0 1 False False False
pass: bootmu 


eg3
	 1.0 True True True
	 1.05 True True True
	 1.1 False False True
	 1.15 False False True
	 1.2 False False True
	 1.25 False False True
	 1.3 False False True
	 1.35 False False True
	 1.4 False False True
	 1.45 False False True
pass: pre 

rx5 1  -   *   -------    |                     {  0.10,   0.10,   0.20,   0.30,   0.40}
rx3 1   -    *    ----    |                     {  0.15,   0.15,   0.25,   0.35,   0.40}
rx1 2             -      *|-----                {  0.34,   0.34,   0.49,   0.51,   0.60}
rx2 3                     |    -    *    ------ {  0.60,   0.60,   0.70,   0.80,   0.90}
rx4 3                     |    -    *    ------ {  0.60,   0.60,   0.70,   0.80,   0.90}
pass: five 

rx1 1  ----------         *                   - { 99.00,  99.50, 100.00, 101.00, 101.00}
rx2 1  -------------------*                   - { 99.00, 100.00, 100.00, 101.00, 101.00}
rx3 1  ----------         *                   - { 99.00,  99.50, 100.00, 101.00, 101.00}
rx4 1  -------------------*                   - { 99.00, 100.00, 100.00, 101.00, 101.00}
pass: six 

 rx10  -*--               |                     {  8.72,   9.42,   9.92,  10.47,  11.27}
 rx1  --*-               |                     {  8.73,   9.45,   9.97,  10.48,  11.22}
 rx6  --*-               |                     {  8.75,   9.48,  10.01,  10.54,  11.30}
 rx7  --*-               |                     {  8.75,   9.45,  10.03,  10.60,  11.35}
 rx2  --*-               |                     {  8.86,   9.54,  10.07,  10.65,  11.47}
 rx3            -*-      |                     { 18.65,  19.45,  20.03,  20.59,  21.35}
 rx4                     |*--                  { 28.62,  29.44,  30.00,  30.54,  31.24}
 rx5                     |-*-                  { 28.88,  29.60,  30.05,  30.63,  31.36}
 rx9                     |      --- *---       { 36.14,  38.37,  39.86,  41.31,  43.67}
 rx8                     |         -*-         { 38.81,  39.53,  40.11,  40.58,  41.37}
pass: tiles 

 1 rx6  --*-               |                     {  8.66,   9.44,   9.95,  10.51,  11.24}
 1 rx7  --*-               |                     {  8.64,   9.48,   9.99,  10.48,  11.16}
 1 rx1   -*-               |                     {  8.75,   9.50,   9.99,  10.54,  11.31}
 1 rx10   -*-               |                     {  8.75,   9.50,  10.00,  10.54,  11.23}
 1 rx2   -*-               |                     {  8.84,   9.57,  10.04,  10.56,  11.30}
 2 rx3            -*--     |                     { 18.89,  19.62,  20.05,  20.60,  21.29}
 3 rx4                     |-*-                  { 28.70,  29.41,  29.99,  30.53,  31.30}
 4 rx5                     |-*-                  { 28.86,  29.62,  30.13,  30.64,  31.44}
 5 rx8                     |         --*-        { 38.74,  39.55,  40.04,  40.52,  41.34}
 5 rx9                     |       --- *---      { 36.22,  38.46,  40.14,  41.47,  43.83}
pass: sk 

