✅ pass: the
✅ pass: rand
{}
✅ pass: some
1 0.6 0.0
2 0.3 0.0
✅ pass: nums
a 1.379
✅ pass: sym
✅ pass: csv
68 455 193.42587939698493 104.269838171196
{:Acc+ 15.57  :Lbs- 2970.42  :Mpg+ 23.84 }
✅ pass: data
{'Lbs-': 2970.42, 'Acc+': 15.57, 'Mpg+': 23.84}
{'Lbs-': 2970.42, 'Acc+': 15.57, 'Mpg+': 23.84}
✅ pass: clone
> 1.0 False
> 1.025 True
✅ pass: cliffs
{'lo': 0.0, 'hi': 0.9022161422721422, 'mid': 0.52, 'div': 0.26}
✅ pass: dist
199 199
[4, 110, 87, 2672, 17.5, 70, 2, 30] 0.0
[4, 85, 65, 2020, 19.2, 79, 3, 30]
[4, 110, 87, 2672, 17.5, 70, 2, 30]
l {'Lbs-': 2536.69, 'Acc+': 16.58, 'Mpg+': 25.98}
r {'Lbs-': 3404.16, 'Acc+': 14.55, 'Mpg+': 21.71}
✅ pass: half
[398]  {:Acc+ 15.6  :Lbs- 2970.4  :Mpg+ 23.8 }



{:Acc+ 17.1  :Lbs- 2200.5  :Mpg+ 27.5 }
{:Acc+ 16.1  :Lbs- 2258.8  :Mpg+ 26.4 }

{:Acc+ 16.5  :Lbs- 2211.7  :Mpg+ 29.6 }
{:Acc+ 17.8  :Lbs- 2564.5  :Mpg+ 32.0 }


{:Acc+ 15.9  :Lbs- 2594.0  :Mpg+ 22.4 }
{:Acc+ 16.4  :Lbs- 2894.3  :Mpg+ 21.6 }

{:Acc+ 17.1  :Lbs- 3200.8  :Mpg+ 20.0 }
{:Acc+ 15.9  :Lbs- 2355.5  :Mpg+ 28.4 }



{:Acc+ 15.0  :Lbs- 3129.0  :Mpg+ 23.7 }
{:Acc+ 15.8  :Lbs- 2280.9  :Mpg+ 33.6 }

{:Acc+ 12.2  :Lbs- 4464.2  :Mpg+ 10.8 }
{:Acc+ 11.7  :Lbs- 4052.8  :Mpg+ 14.0 }


{:Acc+ 16.3  :Lbs- 3213.0  :Mpg+ 21.6 }
{:Acc+ 15.1  :Lbs- 3799.4  :Mpg+ 20.0 }

{:Acc+ 16.6  :Lbs- 2517.2  :Mpg+ 30.8 }
{:Acc+ 13.8  :Lbs- 3765.7  :Mpg+ 19.2 }
✅ pass: tree

all  {'Lbs-': 2970.42, 'Acc+': 15.57, 'Mpg+': 23.84}
 {'Lbs-': 846.84, 'Acc+': 2.76, 'Mpg+': 8.34}

best {'Lbs-': 2338.75, 'Acc+': 16.79, 'Mpg+': 26.67}
 {'Lbs-': 384.29, 'Acc+': 2.66, 'Mpg+': 4.92}

rest {'Lbs-': 1915.0, 'Acc+': 14.4, 'Mpg+': 40.0}
 {'Lbs-': 0.0, 'Acc+': 0.0, 'Mpg+': 0.0}
✅ pass: sway
all    {'best': 12, 'rest': 48}

Clndrs -inf inf 0.5 {'best': 12, 'rest': 48}

Volume -inf 116 0.231 {'best': 3, 'rest': 1}
Volume 116 inf 0.333 {'best': 4}

Model -inf 72 0.583 {'best': 7}
Model 72 inf 0.0 {'rest': 48}

origin 1 1 0.0 {'rest': 48}
origin 2 2 1.0 {'best': 12}
✅ pass: bins
